#
# There is insufficient memory for the Java Runtime Environment to continue.
# Native memory allocation (malloc) failed to allocate 84336 bytes for Chunk::new
# Possible reasons:
#   The system is out of physical RAM or swap space
#   In 32 bit mode, the process size limit was hit
# Possible solutions:
#   Reduce memory load on the system
#   Increase physical memory or swap space
#   Check if swap backing store is full
#   Use 64 bit Java on a 64 bit OS
#   Decrease Java heap size (-Xmx/-Xms)
#   Decrease number of Java threads
#   Decrease Java thread stack sizes (-Xss)
#   Set larger code cache with -XX:ReservedCodeCacheSize=
# This output file may be truncated or incomplete.
#
#  Out of Memory Error (allocation.cpp:390), pid=8284, tid=3960
#
# JRE version: Java(TM) SE Runtime Environment (8.0_73-b02) (build 1.8.0_73-b02)
# Java VM: Java HotSpot(TM) 64-Bit Server VM (25.73-b02 mixed mode windows-amd64 compressed oops)
# Failed to write core dump. Minidumps are not enabled by default on client versions of Windows
#

---------------  T H R E A D  ---------------

Current thread (0x0000000014aea800):  JavaThread "C2 CompilerThread0" daemon [_thread_in_native, id=3960, stack(0x0000000016130000,0x0000000016230000)]

Stack: [0x0000000016130000,0x0000000016230000]
[error occurred during error reporting (printing stack bounds), id 0xc0000005]

Native frames: (J=compiled Java code, j=interpreted, Vv=VM code, C=native code)


Current CompileTask:
C2:    721  147       4       java.util.regex.Matcher::search (109 bytes)


---------------  P R O C E S S  ---------------

Java Threads: ( => current thread )
  0x0000000016544800 JavaThread "Service Thread" daemon [_thread_blocked, id=2316, stack(0x0000000016930000,0x0000000016a30000)]
  0x0000000014af3800 JavaThread "C1 CompilerThread2" daemon [_thread_blocked, id=14012, stack(0x0000000016430000,0x0000000016530000)]
  0x0000000014af0800 JavaThread "C2 CompilerThread1" daemon [_thread_in_native, id=10980, stack(0x0000000016230000,0x0000000016330000)]
=>0x0000000014aea800 JavaThread "C2 CompilerThread0" daemon [_thread_in_native, id=3960, stack(0x0000000016130000,0x0000000016230000)]
  0x0000000014ae9000 JavaThread "Attach Listener" daemon [_thread_blocked, id=13768, stack(0x0000000016030000,0x0000000016130000)]
  0x0000000014ae8800 JavaThread "Signal Dispatcher" daemon [_thread_blocked, id=13856, stack(0x0000000015f30000,0x0000000016030000)]
  0x0000000002396800 JavaThread "Finalizer" daemon [_thread_blocked, id=10508, stack(0x0000000015d50000,0x0000000015e50000)]
  0x000000000238d800 JavaThread "Reference Handler" daemon [_thread_blocked, id=13952, stack(0x0000000015c50000,0x0000000015d50000)]
  0x000000000240e000 JavaThread "main" [_thread_in_vm, id=4032, stack(0x0000000000a60000,0x0000000000b60000)]

Other Threads:
  0x0000000014ab8000 VMThread [stack: 0x0000000015b50000,0x0000000015c50000] [id=14268]
  0x0000000016549800 WatcherThread [stack: 0x0000000016a30000,0x0000000016b30000] [id=13444]

VM state:not at safepoint (normal execution)

VM Mutex/Monitor currently owned by a thread: None

Heap:
 PSYoungGen      total 38400K, used 8027K [0x00000000eab00000, 0x00000000ed580000, 0x0000000100000000)
  eden space 33280K, 24% used [0x00000000eab00000,0x00000000eb2d6cf8,0x00000000ecb80000)
  from space 5120K, 0% used [0x00000000ed080000,0x00000000ed080000,0x00000000ed580000)
  to   space 5120K, 0% used [0x00000000ecb80000,0x00000000ecb80000,0x00000000ed080000)
 ParOldGen       total 87552K, used 0K [0x00000000c0000000, 0x00000000c5580000, 0x00000000eab00000)
  object space 87552K, 0% used [0x00000000c0000000,0x00000000c0000000,0x00000000c5580000)
 Metaspace       used 3396K, capacity 4720K, committed 4864K, reserved 1056768K
  class space    used 371K, capacity 424K, committed 512K, reserved 1048576K

Card table byte_map: [0x00000000117e0000,0x00000000119f0000] byte_map_base: 0x00000000111e0000

Marking Bits: (ParMarkBitMap*) 0x000000006b7a0600
 Begin Bits: [0x0000000011f50000, 0x0000000012f50000)
 End Bits:   [0x0000000012f50000, 0x0000000013f50000)

Polling page: 0x0000000000590000

CodeCache: size=245760Kb used=1355Kb max_used=1368Kb free=244404Kb
 bounds [0x0000000002420000, 0x0000000002690000, 0x0000000011420000]
 total_blobs=388 nmethods=145 adapters=156
 compilation: enabled

Compilation events (10 events):
Event: 0.707 Thread 0x0000000014af3800  144       3       com.android.dx.cf.direct.ClassPathOpener$3::compare (12 bytes)
Event: 0.708 Thread 0x0000000014af3800 nmethod 144 0x000000000256a810 code [0x000000000256a980, 0x000000000256aca8]
Event: 0.708 Thread 0x0000000014af3800  145       3       com.android.dx.cf.direct.ClassPathOpener::access$000 (6 bytes)
Event: 0.708 Thread 0x0000000014af3800 nmethod 145 0x000000000256d550 code [0x000000000256d6c0, 0x000000000256d828]
Event: 0.708 Thread 0x0000000014af3800  146       3       com.android.dx.cf.direct.ClassPathOpener::compareClassNames (42 bytes)
Event: 0.709 Thread 0x0000000014af3800 nmethod 146 0x0000000002570b50 code [0x0000000002570da0, 0x0000000002571a08]
Event: 0.714 Thread 0x0000000014aea800 nmethod 131% 0x0000000002575110 code [0x0000000002575280, 0x0000000002575798]
Event: 0.714 Thread 0x0000000014aea800  147       4       java.util.regex.Matcher::search (109 bytes)
Event: 0.718 Thread 0x0000000014af0800 nmethod 142 0x00000000025731d0 code [0x0000000002573340, 0x00000000025738f8]
Event: 0.718 Thread 0x0000000014af0800  151       4       java.lang.String::replace (127 bytes)

GC Heap History (0 events):
No events

Deoptimization events (0 events):
No events

Internal exceptions (2 events):
Event: 0.100 Thread 0x000000000240e000 Exception <a 'java/lang/NoSuchMethodError': Method sun.misc.Unsafe.defineClass(Ljava/lang/String;[BII)Ljava/lang/Class; name or signature does not match> (0x00000000eab0d840) thrown at [D:\re\puppet\workspace\8-2-build-windows-amd64-cygwin\jdk8u73\6086\hotó¨[ú¯¹?
Event: 0.100 Thread 0x000000000240e000 Exception <a 'java/lang/NoSuchMethodError': Method sun.misc.Unsafe.prefetchRead(Ljava/lang/Object;J)V name or signature does not match> (0x00000000eab0db28) thrown at [D:\re\puppet\workspace\8-2-build-windows-amd64-cygwin\jdk8u73\6086\hotspot\src\share\vm\

Events (10 events):
Event: 0.717 Thread 0x000000000240e000 DEOPT PACKING pc=0x0000000002542332 sp=0x0000000000b5e9b0
Event: 0.717 Thread 0x000000000240e000 DEOPT UNPACKING pc=0x000000000246787f sp=0x0000000000b5e6b0 mode 0
Event: 0.718 Thread 0x000000000240e000 DEOPT PACKING pc=0x0000000002542332 sp=0x0000000000b5e9b0
Event: 0.718 Thread 0x000000000240e000 DEOPT UNPACKING pc=0x000000000246787f sp=0x0000000000b5e6b0 mode 0
Event: 0.718 Thread 0x000000000240e000 DEOPT PACKING pc=0x0000000002542332 sp=0x0000000000b5e8a0
Event: 0.718 Thread 0x000000000240e000 DEOPT UNPACKING pc=0x000000000246787f sp=0x0000000000b5e5a0 mode 0
Event: 0.719 Thread 0x000000000240e000 DEOPT PACKING pc=0x0000000002542332 sp=0x0000000000b5e8a0
Event: 0.719 Thread 0x000000000240e000 DEOPT UNPACKING pc=0x000000000246787f sp=0x0000000000b5e5a0 mode 0
Event: 0.719 Thread 0x000000000240e000 DEOPT PACKING pc=0x0000000002542332 sp=0x0000000000b5e8a0
Event: 0.719 Thread 0x000000000240e000 DEOPT UNPACKING pc=0x000000000246787f sp=0x0000000000b5e5a0 mode 0


Dynamic libraries:
0x00007ff7d73d0000 - 0x00007ff7d7407000 	C:\Program Files\Java\jdk1.8.0_73\bin\java.exe
0x00007ffc815d0000 - 0x00007ffc81791000 	C:\WINDOWS\SYSTEM32\ntdll.dll
0x00007ffc7f8f0000 - 0x00007ffc7f99d000 	C:\WINDOWS\system32\KERNEL32.DLL
0x00007ffc7e0e0000 - 0x00007ffc7e2c8000 	C:\WINDOWS\system32\KERNELBASE.dll
0x00007ffc7ff60000 - 0x00007ffc80007000 	C:\WINDOWS\system32\ADVAPI32.dll
0x00007ffc7eca0000 - 0x00007ffc7ed3d000 	C:\WINDOWS\system32\msvcrt.dll
0x00007ffc7ea60000 - 0x00007ffc7eabb000 	C:\WINDOWS\system32\sechost.dll
0x00007ffc7f3a0000 - 0x00007ffc7f4bc000 	C:\WINDOWS\system32\RPCRT4.dll
0x00007ffc7f120000 - 0x00007ffc7f276000 	C:\WINDOWS\system32\USER32.dll
0x00007ffc7f9a0000 - 0x00007ffc7fb26000 	C:\WINDOWS\system32\GDI32.dll
0x00007ffc752a0000 - 0x00007ffc75514000 	C:\WINDOWS\WinSxS\amd64_microsoft.windows.common-controls_6595b64144ccf1df_6.0.10586.0_none_8c15ae12515e1c22\COMCTL32.dll
0x00007ffc7eea0000 - 0x00007ffc7f11d000 	C:\WINDOWS\system32\combase.dll
0x00007ffc7ddc0000 - 0x00007ffc7de2a000 	C:\WINDOWS\system32\bcryptPrimitives.dll
0x00007ffc7ea20000 - 0x00007ffc7ea5b000 	C:\WINDOWS\system32\IMM32.DLL
0x000000006acb0000 - 0x000000006ad82000 	C:\Program Files\Java\jdk1.8.0_73\jre\bin\msvcr100.dll
0x000000006af90000 - 0x000000006b820000 	C:\Program Files\Java\jdk1.8.0_73\jre\bin\server\jvm.dll
0x00007ffc7e9d0000 - 0x00007ffc7e9d8000 	C:\WINDOWS\system32\PSAPI.DLL
0x00007ffc7c1e0000 - 0x00007ffc7c203000 	C:\WINDOWS\SYSTEM32\WINMM.dll
0x00007ffc79da0000 - 0x00007ffc79da9000 	C:\WINDOWS\SYSTEM32\WSOCK32.dll
0x00007ffc7f330000 - 0x00007ffc7f39b000 	C:\WINDOWS\system32\WS2_32.dll
0x00007ffc75520000 - 0x00007ffc7552a000 	C:\WINDOWS\SYSTEM32\VERSION.dll
0x00007ffc7c1b0000 - 0x00007ffc7c1dc000 	C:\WINDOWS\SYSTEM32\WINMMBASE.dll
0x00007ffc7e920000 - 0x00007ffc7e963000 	C:\WINDOWS\system32\cfgmgr32.dll
0x000000006b9d0000 - 0x000000006b9df000 	C:\Program Files\Java\jdk1.8.0_73\jre\bin\verify.dll
0x000000006b9a0000 - 0x000000006b9c9000 	C:\Program Files\Java\jdk1.8.0_73\jre\bin\java.dll
0x000000006b980000 - 0x000000006b996000 	C:\Program Files\Java\jdk1.8.0_73\jre\bin\zip.dll
0x00007ffc80070000 - 0x00007ffc815cc000 	C:\WINDOWS\system32\SHELL32.dll
0x00007ffc7e2d0000 - 0x00007ffc7e914000 	C:\WINDOWS\system32\windows.storage.dll
0x00007ffc80010000 - 0x00007ffc80062000 	C:\WINDOWS\system32\shlwapi.dll
0x00007ffc7dc50000 - 0x00007ffc7dc5f000 	C:\WINDOWS\system32\kernel.appcore.dll
0x00007ffc7de30000 - 0x00007ffc7dee5000 	C:\WINDOWS\system32\shcore.dll
0x00007ffc7dc00000 - 0x00007ffc7dc4b000 	C:\WINDOWS\system32\powrprof.dll
0x00007ffc7dc60000 - 0x00007ffc7dc74000 	C:\WINDOWS\system32\profapi.dll

VM Arguments:
jvm_args: -Djava.awt.headless=true -Xmx1024M -Dfile.encoding=windows-1252 -Duser.country=US -Duser.language=en -Duser.variant 
java_command: com.android.dx.command.Main --dex --num-threads=4 --output C:\ProjectTeam\AppChatNodeJs_1.5\app\build\intermediates\pre-dexed\debug\com.android.support-appcompat-v7-23.2.0_12e9c64f57ac0bc2d6f15adeaf73451c49fa9cbe.jar C:\ProjectTeam\AppChatNodeJs_1.5\app\build\intermediates\exploded-aar\com.android.support\appcompat-v7\23.2.0\jars\classes.jar
java_class_path (initial): D:\Android\sdk\build-tools\23.0.2\lib\dx.jar
Launcher Type: SUN_STANDARD

Environment Variables:
JAVA_HOME=C:\Program Files\Java\jdk1.8.0_73
PATH=C:\ProgramData\Oracle\Java\javapath;C:\WINDOWS\system32;C:\WINDOWS;C:\WINDOWS\System32\Wbem;C:\WINDOWS\System32\WindowsPowerShell\v1.0\C:\Program Files\Java\jdk1.8.0_73\bin;.; ;C:\Program Files (x86)\NVIDIA Corporation\PhysX\Common;C:\Program Files (x86)\Windows Kits\8.1\Windows Performance Toolkit\;C:\Program Files\Microsoft SQL Server\110\Tools\Binn\;C:\Program Files\Microsoft SQL Server\Client SDK\ODBC\110\Tools\Binn\;C:\Program Files (x86)\Microsoft SQL Server\120\Tools\Binn\;C:\Program Files\Microsoft SQL Server\120\Tools\Binn\;C:\Program Files\Microsoft SQL Server\120\DTS\Binn\;C:\Program Files (x86)\Microsoft SQL Server\120\Tools\Binn\ManagementStudio\;C:\Program Files (x86)\Microsoft SQL Server\120\DTS\Binn\;C:\wamp64\bin\php\php5.6.16;C:\ProgramData\ComposerSetup\bin;C:\Program Files (x86)\Skype\Phone\;C:\Program Files\nodejs\;C:\Program Files\Git\cmd;C:\Ruby22-x64\bin;C:\Users\Phan Anh\AppData\Roaming\Composer\vendor\bin;C:\Users\Phan Anh\AppData\Roaming\npm
USERNAME=Phan Anh
OS=Windows_NT
PROCESSOR_IDENTIFIER=Intel64 Family 6 Model 69 Stepping 1, GenuineIntel



---------------  S Y S T E M  ---------------

OS: Windows 10.0 , 64 bit Build 10586 (10.0.10586.0)

CPU:total 4 (2 cores per cpu, 2 threads per core) family 6 model 69 stepping 1, cmov, cx8, fxsr, mmx, sse, sse2, sse3, ssse3, sse4.1, sse4.2, popcnt, avx, avx2, aes, clmul, erms, lzcnt, ht, tsc, tscinvbit, bmi1, bmi2

Memory: 4k page, physical 8268984k(531956k free), swap 12364984k(5404k free)

vm_info: Java HotSpot(TM) 64-Bit Server VM (25.73-b02) for windows-amd64 JRE (1.8.0_73-b02), built on Jan 29 2016 17:38:49 by "java_re" with MS VC++ 10.0 (VS2010)

time: Thu Jun 23 22:02:50 2016
elapsed time: 0 seconds (0d 0h 0m 0s)

