#
# There is insufficient memory for the Java Runtime Environment to continue.
# Native memory allocation (malloc) failed to allocate 32744 bytes for ChunkPool::allocate
# Possible reasons:
#   The system is out of physical RAM or swap space
#   In 32 bit mode, the process size limit was hit
# Possible solutions:
#   Reduce memory load on the system
#   Increase physical memory or swap space
#   Check if swap backing store is full
#   Use 64 bit Java on a 64 bit OS
#   Decrease Java heap size (-Xmx/-Xms)
#   Decrease number of Java threads
#   Decrease Java thread stack sizes (-Xss)
#   Set larger code cache with -XX:ReservedCodeCacheSize=
# This output file may be truncated or incomplete.
#
#  Out of Memory Error (allocation.cpp:273), pid=13576, tid=7664
#
# JRE version: Java(TM) SE Runtime Environment (8.0_73-b02) (build 1.8.0_73-b02)
# Java VM: Java HotSpot(TM) 64-Bit Server VM (25.73-b02 mixed mode windows-amd64 compressed oops)
# Failed to write core dump. Minidumps are not enabled by default on client versions of Windows
#

---------------  T H R E A D  ---------------

Current thread (0x00000000149fe800):  JavaThread "C1 CompilerThread2" daemon [_thread_in_vm, id=7664, stack(0x0000000016210000,0x0000000016310000)]

Stack: [0x0000000016210000,0x0000000016310000]
[error occurred during error reporting (printing stack bounds), id 0xc0000005]

Native frames: (J=compiled Java code, j=interpreted, Vv=VM code, C=native code)


---------------  P R O C E S S  ---------------

Java Threads: ( => current thread )
=>0x00000000149fe800 JavaThread "C1 CompilerThread2" daemon [_thread_in_vm, id=7664, stack(0x0000000016210000,0x0000000016310000)]
  0x00000000149d0800 JavaThread "C2 CompilerThread1" daemon [_thread_blocked, id=6112, stack(0x0000000016110000,0x0000000016210000)]
  0x00000000149ca800 JavaThread "C2 CompilerThread0" daemon [_thread_in_vm, id=3092, stack(0x0000000016010000,0x0000000016110000)]
  0x00000000149c9000 JavaThread "Attach Listener" daemon [_thread_blocked, id=14380, stack(0x0000000015f10000,0x0000000016010000)]
  0x00000000149c7800 JavaThread "Signal Dispatcher" daemon [_thread_blocked, id=14524, stack(0x0000000015e10000,0x0000000015f10000)]
  0x00000000022f6800 JavaThread "Finalizer" daemon [_thread_blocked, id=9608, stack(0x0000000015c30000,0x0000000015d30000)]
  0x00000000022ed800 JavaThread "Reference Handler" daemon [_thread_blocked, id=9108, stack(0x0000000015b30000,0x0000000015c30000)]
  0x00000000021fe000 JavaThread "main" [_thread_in_vm, id=8668, stack(0x00000000020e0000,0x00000000021e0000)]

Other Threads:
  0x0000000014998000 VMThread [stack: 0x0000000015a30000,0x0000000015b30000] [id=12720]

VM state:not at safepoint (normal execution)

VM Mutex/Monitor currently owned by a thread: None

Heap:
 PSYoungGen      total 38400K, used 1331K [0x00000000eab00000, 0x00000000ed580000, 0x0000000100000000)
  eden space 33280K, 4% used [0x00000000eab00000,0x00000000eac4cd80,0x00000000ecb80000)
  from space 5120K, 0% used [0x00000000ed080000,0x00000000ed080000,0x00000000ed580000)
  to   space 5120K, 0% used [0x00000000ecb80000,0x00000000ecb80000,0x00000000ed080000)
 ParOldGen       total 87552K, used 0K [0x00000000c0000000, 0x00000000c5580000, 0x00000000eab00000)
  object space 87552K, 0% used [0x00000000c0000000,0x00000000c0000000,0x00000000c5580000)
 Metaspace       used 2048K, capacity 4480K, committed 4480K, reserved 1056768K
  class space    used 225K, capacity 384K, committed 384K, reserved 1048576K

Card table byte_map: [0x00000000116c0000,0x00000000118d0000] byte_map_base: 0x00000000110c0000

Marking Bits: (ParMarkBitMap*) 0x000000006b7a0600
 Begin Bits: [0x0000000011e30000, 0x0000000012e30000)
 End Bits:   [0x0000000012e30000, 0x0000000013e30000)

Polling page: 0x0000000000920000

CodeCache: size=245760Kb used=998Kb max_used=1010Kb free=244761Kb
 bounds [0x0000000002300000, 0x0000000002570000, 0x0000000011300000]
 total_blobs=176 nmethods=0 adapters=126
 compilation: enabled

Compilation events (0 events):
No events

GC Heap History (0 events):
No events

Deoptimization events (0 events):
No events

Internal exceptions (2 events):
Event: 0.100 Thread 0x00000000021fe000 Exception <a 'java/lang/NoSuchMethodError': Method sun.misc.Unsafe.defineClass(Ljava/lang/String;[BII)Ljava/lang/Class; name or signature does not match> (0x00000000eab0d840) thrown at [D:\re\puppet\workspace\8-2-build-windows-amd64-cygwin\jdk8u73\6086\hot ๒5ทน?
Event: 0.100 Thread 0x00000000021fe000 Exception <a 'java/lang/NoSuchMethodError': Method sun.misc.Unsafe.prefetchRead(Ljava/lang/Object;J)V name or signature does not match> (0x00000000eab0db28) thrown at [D:\re\puppet\workspace\8-2-build-windows-amd64-cygwin\jdk8u73\6086\hotspot\src\share\vm\

Events (10 events):
Event: 0.173 loading class sun/net/www/protocol/jar/Handler done
Event: 0.174 loading class sun/misc/Launcher$AppClassLoader$1
Event: 0.174 loading class sun/misc/Launcher$AppClassLoader$1 done
Event: 0.175 loading class java/lang/SystemClassLoaderAction
Event: 0.175 loading class java/lang/SystemClassLoaderAction done
Event: 0.175 Thread 0x00000000149c7800 Thread added: 0x00000000149c7800
Event: 0.175 Thread 0x00000000149c9000 Thread added: 0x00000000149c9000
Event: 0.176 Thread 0x00000000149ca800 Thread added: 0x00000000149ca800
Event: 0.176 Thread 0x00000000149d0800 Thread added: 0x00000000149d0800
Event: 0.177 Thread 0x00000000149fe800 Thread added: 0x00000000149fe800


Dynamic libraries:
0x00007ff7d73d0000 - 0x00007ff7d7407000 	C:\Program Files\Java\jdk1.8.0_73\bin\java.exe
0x00007ffc815d0000 - 0x00007ffc81791000 	C:\WINDOWS\SYSTEM32\ntdll.dll
0x00007ffc7f8f0000 - 0x00007ffc7f99d000 	C:\WINDOWS\system32\KERNEL32.DLL
0x00007ffc7e0e0000 - 0x00007ffc7e2c8000 	C:\WINDOWS\system32\KERNELBASE.dll
0x00007ffc7ff60000 - 0x00007ffc80007000 	C:\WINDOWS\system32\ADVAPI32.dll
0x00007ffc7eca0000 - 0x00007ffc7ed3d000 	C:\WINDOWS\system32\msvcrt.dll
0x00007ffc7ea60000 - 0x00007ffc7eabb000 	C:\WINDOWS\system32\sechost.dll
0x00007ffc7f3a0000 - 0x00007ffc7f4bc000 	C:\WINDOWS\system32\RPCRT4.dll
0x00007ffc7f120000 - 0x00007ffc7f276000 	C:\WINDOWS\system32\USER32.dll
0x00007ffc7f9a0000 - 0x00007ffc7fb26000 	C:\WINDOWS\system32\GDI32.dll
0x00007ffc752a0000 - 0x00007ffc75514000 	C:\WINDOWS\WinSxS\amd64_microsoft.windows.common-controls_6595b64144ccf1df_6.0.10586.0_none_8c15ae12515e1c22\COMCTL32.dll
0x00007ffc7eea0000 - 0x00007ffc7f11d000 	C:\WINDOWS\system32\combase.dll
0x00007ffc7ddc0000 - 0x00007ffc7de2a000 	C:\WINDOWS\system32\bcryptPrimitives.dll
0x00007ffc7ea20000 - 0x00007ffc7ea5b000 	C:\WINDOWS\system32\IMM32.DLL
0x000000006acb0000 - 0x000000006ad82000 	C:\Program Files\Java\jdk1.8.0_73\jre\bin\msvcr100.dll
0x000000006af90000 - 0x000000006b820000 	C:\Program Files\Java\jdk1.8.0_73\jre\bin\server\jvm.dll
0x00007ffc7e9d0000 - 0x00007ffc7e9d8000 	C:\WINDOWS\system32\PSAPI.DLL
0x00007ffc7c1e0000 - 0x00007ffc7c203000 	C:\WINDOWS\SYSTEM32\WINMM.dll
0x00007ffc79da0000 - 0x00007ffc79da9000 	C:\WINDOWS\SYSTEM32\WSOCK32.dll
0x00007ffc7f330000 - 0x00007ffc7f39b000 	C:\WINDOWS\system32\WS2_32.dll
0x00007ffc75520000 - 0x00007ffc7552a000 	C:\WINDOWS\SYSTEM32\VERSION.dll
0x00007ffc7c1b0000 - 0x00007ffc7c1dc000 	C:\WINDOWS\SYSTEM32\winmmbase.dll
0x00007ffc7e920000 - 0x00007ffc7e963000 	C:\WINDOWS\system32\cfgmgr32.dll
0x000000006b9d0000 - 0x000000006b9df000 	C:\Program Files\Java\jdk1.8.0_73\jre\bin\verify.dll
0x000000006b9a0000 - 0x000000006b9c9000 	C:\Program Files\Java\jdk1.8.0_73\jre\bin\java.dll
0x000000006b980000 - 0x000000006b996000 	C:\Program Files\Java\jdk1.8.0_73\jre\bin\zip.dll
0x00007ffc80070000 - 0x00007ffc815cc000 	C:\WINDOWS\system32\SHELL32.dll
0x00007ffc7e2d0000 - 0x00007ffc7e914000 	C:\WINDOWS\system32\windows.storage.dll
0x00007ffc80010000 - 0x00007ffc80062000 	C:\WINDOWS\system32\shlwapi.dll
0x00007ffc7dc50000 - 0x00007ffc7dc5f000 	C:\WINDOWS\system32\kernel.appcore.dll
0x00007ffc7de30000 - 0x00007ffc7dee5000 	C:\WINDOWS\system32\shcore.dll
0x00007ffc7dc00000 - 0x00007ffc7dc4b000 	C:\WINDOWS\system32\powrprof.dll
0x00007ffc7dc60000 - 0x00007ffc7dc74000 	C:\WINDOWS\system32\profapi.dll

VM Arguments:
jvm_args: -Djava.awt.headless=true -Xmx1024M -Dfile.encoding=windows-1252 -Duser.country=US -Duser.language=en -Duser.variant 
java_command: com.android.dx.command.Main --dex --num-threads=4 --output C:\ProjectTeam\AppChatNodeJs_1.5\app\build\intermediates\pre-dexed\debug\Java-WebSocket-1.3.0_6d9619ef5094fd525ae34ed093da13dc28f8a53b.jar C:\Users\Phan Anh\.gradle\caches\modules-2\files-2.1\org.java-websocket\Java-WebSocket\1.3.0\db2658f013fb163de4a99274c2eb9e17efe535d2\Java-WebSocket-1.3.0.jar
java_class_path (initial): D:\Android\sdk\build-tools\23.0.2\lib\dx.jar
Launcher Type: SUN_STANDARD

Environment Variables:
JAVA_HOME=C:\Program Files\Java\jdk1.8.0_73
PATH=C:\ProgramData\Oracle\Java\javapath;C:\WINDOWS\system32;C:\WINDOWS;C:\WINDOWS\System32\Wbem;C:\WINDOWS\System32\WindowsPowerShell\v1.0\C:\Program Files\Java\jdk1.8.0_73\bin;.; ;C:\Program Files (x86)\NVIDIA Corporation\PhysX\Common;C:\Program Files (x86)\Windows Kits\8.1\Windows Performance Toolkit\;C:\Program Files\Microsoft SQL Server\110\Tools\Binn\;C:\Program Files\Microsoft SQL Server\Client SDK\ODBC\110\Tools\Binn\;C:\Program Files (x86)\Microsoft SQL Server\120\Tools\Binn\;C:\Program Files\Microsoft SQL Server\120\Tools\Binn\;C:\Program Files\Microsoft SQL Server\120\DTS\Binn\;C:\Program Files (x86)\Microsoft SQL Server\120\Tools\Binn\ManagementStudio\;C:\Program Files (x86)\Microsoft SQL Server\120\DTS\Binn\;C:\wamp64\bin\php\php5.6.16;C:\ProgramData\ComposerSetup\bin;C:\Program Files (x86)\Skype\Phone\;C:\Program Files\nodejs\;C:\Program Files\Git\cmd;C:\Ruby22-x64\bin;C:\Users\Phan Anh\AppData\Roaming\Composer\vendor\bin;C:\Users\Phan Anh\AppData\Roaming\npm
USERNAME=Phan Anh
OS=Windows_NT
PROCESSOR_IDENTIFIER=Intel64 Family 6 Model 69 Stepping 1, GenuineIntel



---------------  S Y S T E M  ---------------

OS: Windows 10.0 , 64 bit Build 10586 (10.0.10586.0)

CPU:total 4 (2 cores per cpu, 2 threads per core) family 6 model 69 stepping 1, cmov, cx8, fxsr, mmx, sse, sse2, sse3, ssse3, sse4.1, sse4.2, popcnt, avx, avx2, aes, clmul, erms, lzcnt, ht, tsc, tscinvbit, bmi1, bmi2

Memory: 4k page, physical 8268984k(557872k free), swap 12364984k(2908k free)

vm_info: Java HotSpot(TM) 64-Bit Server VM (25.73-b02) for windows-amd64 JRE (1.8.0_73-b02), built on Jan 29 2016 17:38:49 by "java_re" with MS VC++ 10.0 (VS2010)

time: Thu Jun 23 22:02:50 2016
elapsed time: 0 seconds (0d 0h 0m 0s)

