#
# There is insufficient memory for the Java Runtime Environment to continue.
# Native memory allocation (malloc) failed to allocate 1048576 bytes for AllocateHeap
# Possible reasons:
#   The system is out of physical RAM or swap space
#   In 32 bit mode, the process size limit was hit
# Possible solutions:
#   Reduce memory load on the system
#   Increase physical memory or swap space
#   Check if swap backing store is full
#   Use 64 bit Java on a 64 bit OS
#   Decrease Java heap size (-Xmx/-Xms)
#   Decrease number of Java threads
#   Decrease Java thread stack sizes (-Xss)
#   Set larger code cache with -XX:ReservedCodeCacheSize=
# This output file may be truncated or incomplete.
#
#  Out of Memory Error (memory/allocation.inline.hpp:61), pid=7816, tid=11564
#
# JRE version:  (8.0_73-b02) (build )
# Java VM: Java HotSpot(TM) 64-Bit Server VM (25.73-b02 mixed mode windows-amd64 compressed oops)
# Failed to write core dump. Minidumps are not enabled by default on client versions of Windows
#

---------------  T H R E A D  ---------------

Current thread (0x000000000226e000):  JavaThread "Unknown thread" [_thread_in_vm, id=11564, stack(0x0000000001ff0000,0x00000000020f0000)]

Stack: [0x0000000001ff0000,0x00000000020f0000]
[error occurred during error reporting (printing stack bounds), id 0xc0000005]

Native frames: (J=compiled Java code, j=interpreted, Vv=VM code, C=native code)


---------------  P R O C E S S  ---------------

Java Threads: ( => current thread )

Other Threads:

=>0x000000000226e000 (exited) JavaThread "Unknown thread" [_thread_in_vm, id=11564, stack(0x0000000001ff0000,0x00000000020f0000)]

VM state:not at safepoint (normal execution)

VM Mutex/Monitor currently owned by a thread: None

Heap:
 PSYoungGen      total 38400K, used 665K [0x00000000eab00000, 0x00000000ed580000, 0x0000000100000000)
  eden space 33280K, 2% used [0x00000000eab00000,0x00000000eaba6670,0x00000000ecb80000)
  from space 5120K, 0% used [0x00000000ed080000,0x00000000ed080000,0x00000000ed580000)
  to   space 5120K, 0% used [0x00000000ecb80000,0x00000000ecb80000,0x00000000ed080000)
 ParOldGen       total 87552K, used 0K [0x00000000c0000000, 0x00000000c5580000, 0x00000000eab00000)
  object space 87552K, 0% used [0x00000000c0000000,0x00000000c0000000,0x00000000c5580000)
 Metaspace       used 769K, capacity 4480K, committed 4480K, reserved 1056768K
  class space    used 75K, capacity 384K, committed 384K, reserved 1048576K

Card table byte_map: [0x0000000011730000,0x0000000011940000] byte_map_base: 0x0000000011130000

Marking Bits: (ParMarkBitMap*) 0x000000006b7a0600
 Begin Bits: [0x0000000011ea0000, 0x0000000012ea0000)
 End Bits:   [0x0000000012ea0000, 0x0000000013ea0000)

Polling page: 0x00000000020f0000

CodeCache: size=245760Kb used=328Kb max_used=328Kb free=245431Kb
 bounds [0x0000000002370000, 0x00000000025e0000, 0x0000000011370000]
 total_blobs=57 nmethods=0 adapters=37
 compilation: enabled

Compilation events (0 events):
No events

GC Heap History (0 events):
No events

Deoptimization events (0 events):
No events

Internal exceptions (0 events):
No events

Events (10 events):
Event: 0.044 loading class java/lang/Short
Event: 0.044 loading class java/lang/Short done
Event: 0.044 loading class java/lang/Integer
Event: 0.044 loading class java/lang/Integer done
Event: 0.044 loading class java/lang/Long
Event: 0.044 loading class java/lang/Long done
Event: 0.045 loading class java/lang/NullPointerException
Event: 0.046 loading class java/lang/NullPointerException done
Event: 0.046 loading class java/lang/ArithmeticException
Event: 0.046 loading class java/lang/ArithmeticException done


Dynamic libraries:
0x00007ff7d73d0000 - 0x00007ff7d7407000 	C:\Program Files\Java\jdk1.8.0_73\bin\java.exe
0x00007ffc815d0000 - 0x00007ffc81791000 	C:\WINDOWS\SYSTEM32\ntdll.dll
0x00007ffc7f8f0000 - 0x00007ffc7f99d000 	C:\WINDOWS\system32\KERNEL32.DLL
0x00007ffc7e0e0000 - 0x00007ffc7e2c8000 	C:\WINDOWS\system32\KERNELBASE.dll
0x00007ffc7ff60000 - 0x00007ffc80007000 	C:\WINDOWS\system32\ADVAPI32.dll
0x00007ffc7eca0000 - 0x00007ffc7ed3d000 	C:\WINDOWS\system32\msvcrt.dll
0x00007ffc7ea60000 - 0x00007ffc7eabb000 	C:\WINDOWS\system32\sechost.dll
0x00007ffc7f3a0000 - 0x00007ffc7f4bc000 	C:\WINDOWS\system32\RPCRT4.dll
0x00007ffc7f120000 - 0x00007ffc7f276000 	C:\WINDOWS\system32\USER32.dll
0x00007ffc7f9a0000 - 0x00007ffc7fb26000 	C:\WINDOWS\system32\GDI32.dll
0x00007ffc752a0000 - 0x00007ffc75514000 	C:\WINDOWS\WinSxS\amd64_microsoft.windows.common-controls_6595b64144ccf1df_6.0.10586.0_none_8c15ae12515e1c22\COMCTL32.dll
0x00007ffc7eea0000 - 0x00007ffc7f11d000 	C:\WINDOWS\system32\combase.dll
0x00007ffc7ddc0000 - 0x00007ffc7de2a000 	C:\WINDOWS\system32\bcryptPrimitives.dll
0x00007ffc7ea20000 - 0x00007ffc7ea5b000 	C:\WINDOWS\system32\IMM32.DLL
0x000000006acb0000 - 0x000000006ad82000 	C:\Program Files\Java\jdk1.8.0_73\jre\bin\msvcr100.dll
0x000000006af90000 - 0x000000006b820000 	C:\Program Files\Java\jdk1.8.0_73\jre\bin\server\jvm.dll
0x00007ffc7e9d0000 - 0x00007ffc7e9d8000 	C:\WINDOWS\system32\PSAPI.DLL
0x00007ffc79da0000 - 0x00007ffc79da9000 	C:\WINDOWS\SYSTEM32\WSOCK32.dll
0x00007ffc7f330000 - 0x00007ffc7f39b000 	C:\WINDOWS\system32\WS2_32.dll
0x00007ffc7c1e0000 - 0x00007ffc7c203000 	C:\WINDOWS\SYSTEM32\WINMM.dll
0x00007ffc75520000 - 0x00007ffc7552a000 	C:\WINDOWS\SYSTEM32\VERSION.dll
0x00007ffc7c1b0000 - 0x00007ffc7c1dc000 	C:\WINDOWS\SYSTEM32\WINMMBASE.dll
0x00007ffc7e920000 - 0x00007ffc7e963000 	C:\WINDOWS\system32\cfgmgr32.dll
0x000000006b9d0000 - 0x000000006b9df000 	C:\Program Files\Java\jdk1.8.0_73\jre\bin\verify.dll
0x000000006b9a0000 - 0x000000006b9c9000 	C:\Program Files\Java\jdk1.8.0_73\jre\bin\java.dll
0x000000006b980000 - 0x000000006b996000 	C:\Program Files\Java\jdk1.8.0_73\jre\bin\zip.dll

VM Arguments:
jvm_args: -Djava.awt.headless=true -Xmx1024M -Dfile.encoding=windows-1252 -Duser.country=US -Duser.language=en -Duser.variant 
java_command: com.android.dx.command.Main --dex --num-threads=4 --output C:\ProjectTeam\AppChatNodeJs_1.5\app\build\intermediates\pre-dexed\debug\com.android.support-design-23.2.0_8c9d97c8955699b3607c6488c4a4ca5522ddedb6.jar C:\ProjectTeam\AppChatNodeJs_1.5\app\build\intermediates\exploded-aar\com.android.support\design\23.2.0\jars\classes.jar
java_class_path (initial): D:\Android\sdk\build-tools\23.0.2\lib\dx.jar
Launcher Type: SUN_STANDARD

Environment Variables:
JAVA_HOME=C:\Program Files\Java\jdk1.8.0_73
PATH=C:\ProgramData\Oracle\Java\javapath;C:\WINDOWS\system32;C:\WINDOWS;C:\WINDOWS\System32\Wbem;C:\WINDOWS\System32\WindowsPowerShell\v1.0\C:\Program Files\Java\jdk1.8.0_73\bin;.; ;C:\Program Files (x86)\NVIDIA Corporation\PhysX\Common;C:\Program Files (x86)\Windows Kits\8.1\Windows Performance Toolkit\;C:\Program Files\Microsoft SQL Server\110\Tools\Binn\;C:\Program Files\Microsoft SQL Server\Client SDK\ODBC\110\Tools\Binn\;C:\Program Files (x86)\Microsoft SQL Server\120\Tools\Binn\;C:\Program Files\Microsoft SQL Server\120\Tools\Binn\;C:\Program Files\Microsoft SQL Server\120\DTS\Binn\;C:\Program Files (x86)\Microsoft SQL Server\120\Tools\Binn\ManagementStudio\;C:\Program Files (x86)\Microsoft SQL Server\120\DTS\Binn\;C:\wamp64\bin\php\php5.6.16;C:\ProgramData\ComposerSetup\bin;C:\Program Files (x86)\Skype\Phone\;C:\Program Files\nodejs\;C:\Program Files\Git\cmd;C:\Ruby22-x64\bin;C:\Users\Phan Anh\AppData\Roaming\Composer\vendor\bin;C:\Users\Phan Anh\AppData\Roaming\npm
USERNAME=Phan Anh
OS=Windows_NT
PROCESSOR_IDENTIFIER=Intel64 Family 6 Model 69 Stepping 1, GenuineIntel



---------------  S Y S T E M  ---------------

OS: Windows 10.0 , 64 bit Build 10586 (10.0.10586.0)

CPU:total 4 (2 cores per cpu, 2 threads per core) family 6 model 69 stepping 1, cmov, cx8, fxsr, mmx, sse, sse2, sse3, ssse3, sse4.1, sse4.2, popcnt, avx, avx2, aes, clmul, erms, lzcnt, ht, tsc, tscinvbit, bmi1, bmi2

Memory: 4k page, physical 8268984k(556236k free), swap 12364984k(5800k free)

vm_info: Java HotSpot(TM) 64-Bit Server VM (25.73-b02) for windows-amd64 JRE (1.8.0_73-b02), built on Jan 29 2016 17:38:49 by "java_re" with MS VC++ 10.0 (VS2010)

time: Thu Jun 23 22:02:50 2016
elapsed time: 0 seconds (0d 0h 0m 0s)

