#
# There is insufficient memory for the Java Runtime Environment to continue.
# Native memory allocation (malloc) failed to allocate 32744 bytes for ChunkPool::allocate
# Possible reasons:
#   The system is out of physical RAM or swap space
#   In 32 bit mode, the process size limit was hit
# Possible solutions:
#   Reduce memory load on the system
#   Increase physical memory or swap space
#   Check if swap backing store is full
#   Use 64 bit Java on a 64 bit OS
#   Decrease Java heap size (-Xmx/-Xms)
#   Decrease number of Java threads
#   Decrease Java thread stack sizes (-Xss)
#   Set larger code cache with -XX:ReservedCodeCacheSize=
# This output file may be truncated or incomplete.
#
#  Out of Memory Error (allocation.cpp:273), pid=14204, tid=14024
#
# JRE version: Java(TM) SE Runtime Environment (8.0_73-b02) (build 1.8.0_73-b02)
# Java VM: Java HotSpot(TM) 64-Bit Server VM (25.73-b02 mixed mode windows-amd64 compressed oops)
# Failed to write core dump. Minidumps are not enabled by default on client versions of Windows
#

---------------  T H R E A D  ---------------

Current thread (0x0000000014dfa000):  JavaThread "C2 CompilerThread0" daemon [_thread_in_native, id=14024, stack(0x0000000016350000,0x0000000016450000)]

Stack: [0x0000000016350000,0x0000000016450000]
[error occurred during error reporting (printing stack bounds), id 0xc0000005]

Native frames: (J=compiled Java code, j=interpreted, Vv=VM code, C=native code)


Current CompileTask:
C2:   2975 1151       4       com.android.dx.ssa.SCCP::simulatePhi (169 bytes)


---------------  P R O C E S S  ---------------

Java Threads: ( => current thread )
  0x00000000167e5000 JavaThread "pool-1-thread-4" [_thread_in_Java, id=14648, stack(0x0000000017050000,0x0000000017150000)]
  0x00000000167e4000 JavaThread "pool-1-thread-3" [_thread_in_vm, id=3156, stack(0x0000000016f50000,0x0000000017050000)]
  0x00000000167e3800 JavaThread "pool-1-thread-2" [_thread_in_Java, id=5072, stack(0x0000000016e50000,0x0000000016f50000)]
  0x00000000167c0000 JavaThread "pool-2-thread-1" [_thread_blocked, id=9292, stack(0x0000000016d50000,0x0000000016e50000)]
  0x00000000167bf000 JavaThread "pool-1-thread-1" [_thread_in_vm, id=2108, stack(0x0000000016c50000,0x0000000016d50000)]
  0x000000001665c800 JavaThread "Service Thread" daemon [_thread_blocked, id=2348, stack(0x0000000016a50000,0x0000000016b50000)]
  0x0000000014e5c800 JavaThread "C1 CompilerThread2" daemon [_thread_in_native, id=9180, stack(0x0000000016550000,0x0000000016650000)]
  0x0000000014e51800 JavaThread "C2 CompilerThread1" daemon [_thread_in_native, id=8768, stack(0x0000000016450000,0x0000000016550000)]
=>0x0000000014dfa000 JavaThread "C2 CompilerThread0" daemon [_thread_in_native, id=14024, stack(0x0000000016350000,0x0000000016450000)]
  0x0000000014df9000 JavaThread "Attach Listener" daemon [_thread_blocked, id=8000, stack(0x0000000016250000,0x0000000016350000)]
  0x0000000014df7800 JavaThread "Signal Dispatcher" daemon [_thread_blocked, id=13280, stack(0x0000000016150000,0x0000000016250000)]
  0x0000000002620800 JavaThread "Finalizer" daemon [_thread_blocked, id=1860, stack(0x0000000016050000,0x0000000016150000)]
  0x000000000261d800 JavaThread "Reference Handler" daemon [_thread_blocked, id=11884, stack(0x0000000015f50000,0x0000000016050000)]
  0x000000000272e000 JavaThread "main" [_thread_in_vm, id=15012, stack(0x00000000023b0000,0x00000000024b0000)]

Other Threads:
  0x0000000014dc8000 VMThread [stack: 0x0000000015e50000,0x0000000015f50000] [id=15040]
  0x0000000016671000 WatcherThread [stack: 0x0000000016b50000,0x0000000016c50000] [id=9772]

VM state:not at safepoint (normal execution)

VM Mutex/Monitor currently owned by a thread: None

Heap:
 PSYoungGen      total 38400K, used 17575K [0x00000000eab00000, 0x00000000ed580000, 0x0000000100000000)
  eden space 33280K, 37% used [0x00000000eab00000,0x00000000eb72f220,0x00000000ecb80000)
  from space 5120K, 99% used [0x00000000ecb80000,0x00000000ed07aab8,0x00000000ed080000)
  to   space 5120K, 0% used [0x00000000ed080000,0x00000000ed080000,0x00000000ed580000)
 ParOldGen       total 87552K, used 2002K [0x00000000c0000000, 0x00000000c5580000, 0x00000000eab00000)
  object space 87552K, 2% used [0x00000000c0000000,0x00000000c01f4ac8,0x00000000c5580000)
 Metaspace       used 6054K, capacity 6960K, committed 7040K, reserved 1056768K
  class space    used 598K, capacity 616K, committed 640K, reserved 1048576K

Card table byte_map: [0x0000000011af0000,0x0000000011d00000] byte_map_base: 0x00000000114f0000

Marking Bits: (ParMarkBitMap*) 0x000000006b7a0600
 Begin Bits: [0x0000000012260000, 0x0000000013260000)
 End Bits:   [0x0000000013260000, 0x0000000014260000)

Polling page: 0x00000000024b0000

CodeCache: size=245760Kb used=5244Kb max_used=5244Kb free=240515Kb
 bounds [0x0000000002730000, 0x0000000002c60000, 0x0000000011730000]
 total_blobs=1594 nmethods=1325 adapters=182
 compilation: enabled

Compilation events (10 events):
Event: 2.797 Thread 0x0000000014e5c800 nmethod 1332 0x0000000002c471d0 code [0x0000000002c47360, 0x0000000002c47658]
Event: 2.797 Thread 0x0000000014e5c800 1335       2       com.android.dx.cf.direct.StdAttributeFactory::lineNumberTable (204 bytes)
Event: 2.800 Thread 0x0000000014e5c800 nmethod 1335 0x0000000002c47810 code [0x0000000002c47b60, 0x0000000002c48d18]
Event: 2.800 Thread 0x0000000014e5c800 1328       3       com.android.dx.rop.cst.CstString::stringToUtf8Bytes (175 bytes)
Event: 2.801 Thread 0x0000000014e5c800 nmethod 1328 0x0000000002c4a6d0 code [0x0000000002c4a8a0, 0x0000000002c4b118]
Event: 2.801 Thread 0x0000000014e5c800 1336       2       com.android.dx.cf.direct.StdAttributeFactory::code (613 bytes)
Event: 2.808 Thread 0x0000000014e5c800 nmethod 1336 0x0000000002c4b510 code [0x0000000002c4bb00, 0x0000000002c4e0f8]
Event: 2.808 Thread 0x0000000014e5c800 1337       2       java.util.concurrent.locks.AbstractOwnableSynchronizer::setExclusiveOwnerThread (6 bytes)
Event: 2.808 Thread 0x0000000014e5c800 nmethod 1337 0x0000000002c52910 code [0x0000000002c52a60, 0x0000000002c52bd0]
Event: 2.973 Thread 0x0000000014e5c800 1338       2       com.android.dx.ssa.back.SsaToRop::verifyValidExitPredecessor (53 bytes)

GC Heap History (2 events):
Event: 2.611 GC heap before
{Heap before GC invocations=1 (full 0):
 PSYoungGen      total 38400K, used 33280K [0x00000000eab00000, 0x00000000ed580000, 0x0000000100000000)
  eden space 33280K, 100% used [0x00000000eab00000,0x00000000ecb80000,0x00000000ecb80000)
  from space 5120K, 0% used [0x00000000ed080000,0x00000000ed080000,0x00000000ed580000)
  to   space 5120K, 0% used [0x00000000ecb80000,0x00000000ecb80000,0x00000000ed080000)
 ParOldGen       total 87552K, used 0K [0x00000000c0000000, 0x00000000c5580000, 0x00000000eab00000)
  object space 87552K, 0% used [0x00000000c0000000,0x00000000c0000000,0x00000000c5580000)
 Metaspace       used 5949K, capacity 6896K, committed 7040K, reserved 1056768K
  class space    used 597K, capacity 616K, committed 640K, reserved 1048576K
Event: 2.625 GC heap after
Heap after GC invocations=1 (full 0):
 PSYoungGen      total 38400K, used 5098K [0x00000000eab00000, 0x00000000ed580000, 0x0000000100000000)
  eden space 33280K, 0% used [0x00000000eab00000,0x00000000eab00000,0x00000000ecb80000)
  from space 5120K, 99% used [0x00000000ecb80000,0x00000000ed07aab8,0x00000000ed080000)
  to   space 5120K, 0% used [0x00000000ed080000,0x00000000ed080000,0x00000000ed580000)
 ParOldGen       total 87552K, used 2002K [0x00000000c0000000, 0x00000000c5580000, 0x00000000eab00000)
  object space 87552K, 2% used [0x00000000c0000000,0x00000000c01f4ac8,0x00000000c5580000)
 Metaspace       used 5949K, capacity 6896K, committed 7040K, reserved 1056768K
  class space    used 597K, capacity 616K, committed 640K, reserved 1048576K
}

Deoptimization events (7 events):
Event: 1.271 Thread 0x00000000167e5000 Uncommon trap: reason=unstable_if action=reinterpret pc=0x000000000294faa0 method=java.util.HashMap.getNode(ILjava/lang/Object;)Ljava/util/HashMap$Node; @ 129
Event: 1.288 Thread 0x00000000167e3800 Uncommon trap: reason=unstable_if action=reinterpret pc=0x0000000002950030 method=java.util.BitSet.nextSetBit(I)I @ 87
Event: 1.357 Thread 0x00000000167e4000 Uncommon trap: reason=class_check action=maybe_recompile pc=0x00000000029a1f70 method=com.android.dx.ssa.NormalSsaInsn.accept(Lcom/android/dx/ssa/SsaInsn$Visitor;)V @ 9
Event: 1.821 Thread 0x00000000167e5000 Uncommon trap: reason=unstable_if action=reinterpret pc=0x0000000002a25ebc method=com.android.dx.rop.code.RegisterSpec.equals(ILcom/android/dx/rop/type/TypeBearer;Lcom/android/dx/rop/code/LocalItem;)Z @ 42
Event: 1.878 Thread 0x00000000167e3800 Uncommon trap: reason=unstable_if action=reinterpret pc=0x0000000002b1cf18 method=com.android.dx.rop.code.RegisterSpec.equals(ILcom/android/dx/rop/type/TypeBearer;Lcom/android/dx/rop/code/LocalItem;)Z @ 31
Event: 2.427 Thread 0x00000000167e4000 Uncommon trap: reason=unstable_if action=reinterpret pc=0x0000000002b4bae8 method=com.android.dx.ssa.SCCP.simulateStmt(Lcom/android/dx/ssa/SsaInsn;)V @ 59
Event: 2.766 Thread 0x00000000167bf000 Uncommon trap: reason=unstable_if action=reinterpret pc=0x0000000002b192dc method=com.android.dx.ssa.SsaMethod.updateOneDefinition(Lcom/android/dx/ssa/SsaInsn;Lcom/android/dx/rop/code/RegisterSpec;)V @ 4

Internal exceptions (3 events):
Event: 0.099 Thread 0x000000000272e000 Exception <a 'java/lang/NoSuchMethodError': Method sun.misc.Unsafe.defineClass(Ljava/lang/String;[BII)Ljava/lang/Class; name or signature does not match> (0x00000000eab0da48) thrown at [D:\re\puppet\workspace\8-2-build-windows-amd64-cygwin\jdk8u73\6086\hot}£õâBE¹?
Event: 0.099 Thread 0x000000000272e000 Exception <a 'java/lang/NoSuchMethodError': Method sun.misc.Unsafe.prefetchRead(Ljava/lang/Object;J)V name or signature does not match> (0x00000000eab0dd30) thrown at [D:\re\puppet\workspace\8-2-build-windows-amd64-cygwin\jdk8u73\6086\hotspot\src\share\vm\ÍúÜþ?
Event: 1.878 Thread 0x00000000167e3800 Implicit null exception at 0x0000000002b1c911 to 0x0000000002b1ceed

Events (10 events):
Event: 2.625 Executing VM operation: ParallelGCFailedAllocation done
Event: 2.645 Thread 0x00000000167e3800 DEOPT PACKING pc=0x00000000029a4857 sp=0x0000000016f4e8b0
Event: 2.645 Thread 0x00000000167e3800 DEOPT UNPACKING pc=0x000000000277787f sp=0x0000000016f4e690 mode 0
Event: 2.693 loading class com/android/dx/cf/code/SwitchList
Event: 2.693 loading class com/android/dx/cf/code/SwitchList done
Event: 2.764 loading class com/android/dx/rop/code/RegOps
Event: 2.764 loading class com/android/dx/rop/code/RegOps done
Event: 2.766 Thread 0x00000000167bf000 Uncommon trap: trap_request=0xffffff65 fr.pc=0x0000000002b192dc
Event: 2.766 Thread 0x00000000167bf000 DEOPT PACKING pc=0x0000000002b192dc sp=0x0000000016d4eb60
Event: 2.766 Thread 0x00000000167bf000 DEOPT UNPACKING pc=0x000000000277582a sp=0x0000000016d4eb08 mode 2


Dynamic libraries:
0x00007ff7d73d0000 - 0x00007ff7d7407000 	C:\Program Files\Java\jdk1.8.0_73\bin\java.exe
0x00007ffc815d0000 - 0x00007ffc81791000 	C:\WINDOWS\SYSTEM32\ntdll.dll
0x00007ffc7f8f0000 - 0x00007ffc7f99d000 	C:\WINDOWS\system32\KERNEL32.DLL
0x00007ffc7e0e0000 - 0x00007ffc7e2c8000 	C:\WINDOWS\system32\KERNELBASE.dll
0x00007ffc7ff60000 - 0x00007ffc80007000 	C:\WINDOWS\system32\ADVAPI32.dll
0x00007ffc7eca0000 - 0x00007ffc7ed3d000 	C:\WINDOWS\system32\msvcrt.dll
0x00007ffc7ea60000 - 0x00007ffc7eabb000 	C:\WINDOWS\system32\sechost.dll
0x00007ffc7f3a0000 - 0x00007ffc7f4bc000 	C:\WINDOWS\system32\RPCRT4.dll
0x00007ffc7f120000 - 0x00007ffc7f276000 	C:\WINDOWS\system32\USER32.dll
0x00007ffc7f9a0000 - 0x00007ffc7fb26000 	C:\WINDOWS\system32\GDI32.dll
0x00007ffc752a0000 - 0x00007ffc75514000 	C:\WINDOWS\WinSxS\amd64_microsoft.windows.common-controls_6595b64144ccf1df_6.0.10586.0_none_8c15ae12515e1c22\COMCTL32.dll
0x00007ffc7eea0000 - 0x00007ffc7f11d000 	C:\WINDOWS\system32\combase.dll
0x00007ffc7ddc0000 - 0x00007ffc7de2a000 	C:\WINDOWS\system32\bcryptPrimitives.dll
0x00007ffc7ea20000 - 0x00007ffc7ea5b000 	C:\WINDOWS\system32\IMM32.DLL
0x000000006acb0000 - 0x000000006ad82000 	C:\Program Files\Java\jdk1.8.0_73\jre\bin\msvcr100.dll
0x000000006af90000 - 0x000000006b820000 	C:\Program Files\Java\jdk1.8.0_73\jre\bin\server\jvm.dll
0x00007ffc7e9d0000 - 0x00007ffc7e9d8000 	C:\WINDOWS\system32\PSAPI.DLL
0x00007ffc79da0000 - 0x00007ffc79da9000 	C:\WINDOWS\SYSTEM32\WSOCK32.dll
0x00007ffc7f330000 - 0x00007ffc7f39b000 	C:\WINDOWS\system32\WS2_32.dll
0x00007ffc7c1e0000 - 0x00007ffc7c203000 	C:\WINDOWS\SYSTEM32\WINMM.dll
0x00007ffc75520000 - 0x00007ffc7552a000 	C:\WINDOWS\SYSTEM32\VERSION.dll
0x00007ffc7c1b0000 - 0x00007ffc7c1dc000 	C:\WINDOWS\SYSTEM32\WINMMBASE.dll
0x00007ffc7e920000 - 0x00007ffc7e963000 	C:\WINDOWS\system32\cfgmgr32.dll
0x000000006b9d0000 - 0x000000006b9df000 	C:\Program Files\Java\jdk1.8.0_73\jre\bin\verify.dll
0x000000006b9a0000 - 0x000000006b9c9000 	C:\Program Files\Java\jdk1.8.0_73\jre\bin\java.dll
0x000000006b980000 - 0x000000006b996000 	C:\Program Files\Java\jdk1.8.0_73\jre\bin\zip.dll
0x00007ffc80070000 - 0x00007ffc815cc000 	C:\WINDOWS\system32\SHELL32.dll
0x00007ffc7e2d0000 - 0x00007ffc7e914000 	C:\WINDOWS\system32\windows.storage.dll
0x00007ffc80010000 - 0x00007ffc80062000 	C:\WINDOWS\system32\shlwapi.dll
0x00007ffc7dc50000 - 0x00007ffc7dc5f000 	C:\WINDOWS\system32\kernel.appcore.dll
0x00007ffc7de30000 - 0x00007ffc7dee5000 	C:\WINDOWS\system32\shcore.dll
0x00007ffc7dc00000 - 0x00007ffc7dc4b000 	C:\WINDOWS\system32\powrprof.dll
0x00007ffc7dc60000 - 0x00007ffc7dc74000 	C:\WINDOWS\system32\profapi.dll

VM Arguments:
jvm_args: -Djava.awt.headless=true -Xmx1024M -Dfile.encoding=windows-1252 -Duser.country=US -Duser.language=en -Duser.variant 
java_command: com.android.dx.command.Main --dex --num-threads=4 --output C:\ProjectTeam\AppChatNodeJs_1.5\app\build\intermediates\pre-dexed\debug\Java-WebSocket-1.3.0_6d9619ef5094fd525ae34ed093da13dc28f8a53b.jar C:\Users\Phan Anh\.gradle\caches\modules-2\files-2.1\org.java-websocket\Java-WebSocket\1.3.0\db2658f013fb163de4a99274c2eb9e17efe535d2\Java-WebSocket-1.3.0.jar
java_class_path (initial): D:\Android\sdk\build-tools\23.0.2\lib\dx.jar
Launcher Type: SUN_STANDARD

Environment Variables:
JAVA_HOME=C:\Program Files\Java\jdk1.8.0_73
PATH=C:\ProgramData\Oracle\Java\javapath;C:\WINDOWS\system32;C:\WINDOWS;C:\WINDOWS\System32\Wbem;C:\WINDOWS\System32\WindowsPowerShell\v1.0\C:\Program Files\Java\jdk1.8.0_73\bin;.; ;C:\Program Files (x86)\NVIDIA Corporation\PhysX\Common;C:\Program Files (x86)\Windows Kits\8.1\Windows Performance Toolkit\;C:\Program Files\Microsoft SQL Server\110\Tools\Binn\;C:\Program Files\Microsoft SQL Server\Client SDK\ODBC\110\Tools\Binn\;C:\Program Files (x86)\Microsoft SQL Server\120\Tools\Binn\;C:\Program Files\Microsoft SQL Server\120\Tools\Binn\;C:\Program Files\Microsoft SQL Server\120\DTS\Binn\;C:\Program Files (x86)\Microsoft SQL Server\120\Tools\Binn\ManagementStudio\;C:\Program Files (x86)\Microsoft SQL Server\120\DTS\Binn\;C:\wamp64\bin\php\php5.6.16;C:\ProgramData\ComposerSetup\bin;C:\Program Files (x86)\Skype\Phone\;C:\Program Files\nodejs\;C:\Program Files\Git\cmd;C:\Ruby22-x64\bin;C:\Users\Phan Anh\AppData\Roaming\Composer\vendor\bin;C:\Users\Phan Anh\AppData\Roaming\npm
USERNAME=Phan Anh
OS=Windows_NT
PROCESSOR_IDENTIFIER=Intel64 Family 6 Model 69 Stepping 1, GenuineIntel



---------------  S Y S T E M  ---------------

OS: Windows 10.0 , 64 bit Build 10586 (10.0.10586.0)

CPU:total 4 (2 cores per cpu, 2 threads per core) family 6 model 69 stepping 1, cmov, cx8, fxsr, mmx, sse, sse2, sse3, ssse3, sse4.1, sse4.2, popcnt, avx, avx2, aes, clmul, erms, lzcnt, ht, tsc, tscinvbit, bmi1, bmi2

Memory: 4k page, physical 8268984k(452204k free), swap 12364984k(5136k free)

vm_info: Java HotSpot(TM) 64-Bit Server VM (25.73-b02) for windows-amd64 JRE (1.8.0_73-b02), built on Jan 29 2016 17:38:49 by "java_re" with MS VC++ 10.0 (VS2010)

time: Thu Jun 23 22:03:30 2016
elapsed time: 2 seconds (0d 0h 0m 2s)

