#
# There is insufficient memory for the Java Runtime Environment to continue.
# Native memory allocation (malloc) failed to allocate 919056 bytes for Chunk::new
# Possible reasons:
#   The system is out of physical RAM or swap space
#   In 32 bit mode, the process size limit was hit
# Possible solutions:
#   Reduce memory load on the system
#   Increase physical memory or swap space
#   Check if swap backing store is full
#   Use 64 bit Java on a 64 bit OS
#   Decrease Java heap size (-Xmx/-Xms)
#   Decrease number of Java threads
#   Decrease Java thread stack sizes (-Xss)
#   Set larger code cache with -XX:ReservedCodeCacheSize=
# This output file may be truncated or incomplete.
#
#  Out of Memory Error (allocation.cpp:390), pid=14260, tid=13724
#
# JRE version: Java(TM) SE Runtime Environment (8.0_73-b02) (build 1.8.0_73-b02)
# Java VM: Java HotSpot(TM) 64-Bit Server VM (25.73-b02 mixed mode windows-amd64 compressed oops)
# Failed to write core dump. Minidumps are not enabled by default on client versions of Windows
#

---------------  T H R E A D  ---------------

Current thread (0x0000000014de8800):  JavaThread "C2 CompilerThread0" daemon [_thread_in_native, id=13724, stack(0x0000000016440000,0x0000000016540000)]

Stack: [0x0000000016440000,0x0000000016540000]
[error occurred during error reporting (printing stack bounds), id 0xc0000005]

Native frames: (J=compiled Java code, j=interpreted, Vv=VM code, C=native code)


Current CompileTask:
C2:   1825 1219       4       com.android.dx.ssa.SCCP::simulateStmt (481 bytes)


---------------  P R O C E S S  ---------------

Java Threads: ( => current thread )
  0x00000000169e4800 JavaThread "pool-1-thread-4" [_thread_in_Java, id=14928, stack(0x0000000017140000,0x0000000017240000)]
  0x00000000169e3800 JavaThread "pool-1-thread-3" [_thread_in_Java, id=15232, stack(0x0000000017040000,0x0000000017140000)]
  0x0000000016a26800 JavaThread "pool-1-thread-2" [_thread_in_vm, id=11596, stack(0x0000000016f40000,0x0000000017040000)]
  0x0000000016a20800 JavaThread "pool-2-thread-1" [_thread_blocked, id=6096, stack(0x0000000016e40000,0x0000000016f40000)]
  0x0000000016a20000 JavaThread "pool-1-thread-1" [_thread_in_Java, id=4856, stack(0x0000000016d40000,0x0000000016e40000)]
  0x0000000016742800 JavaThread "Service Thread" daemon [_thread_blocked, id=14040, stack(0x0000000016b40000,0x0000000016c40000)]
  0x0000000014e49000 JavaThread "C1 CompilerThread2" daemon [_thread_blocked, id=9892, stack(0x0000000016640000,0x0000000016740000)]
  0x0000000014df0000 JavaThread "C2 CompilerThread1" daemon [_thread_in_native, id=11616, stack(0x0000000016540000,0x0000000016640000)]
=>0x0000000014de8800 JavaThread "C2 CompilerThread0" daemon [_thread_in_native, id=13724, stack(0x0000000016440000,0x0000000016540000)]
  0x0000000014de7000 JavaThread "Attach Listener" daemon [_thread_blocked, id=11584, stack(0x0000000016340000,0x0000000016440000)]
  0x0000000014de5800 JavaThread "Signal Dispatcher" daemon [_thread_blocked, id=10244, stack(0x0000000016240000,0x0000000016340000)]
  0x0000000002710800 JavaThread "Finalizer" daemon [_thread_blocked, id=10828, stack(0x0000000016060000,0x0000000016160000)]
  0x000000000270d800 JavaThread "Reference Handler" daemon [_thread_blocked, id=6208, stack(0x0000000015f60000,0x0000000016060000)]
  0x000000000261e000 JavaThread "main" [_thread_in_Java, id=1952, stack(0x0000000002450000,0x0000000002550000)]

Other Threads:
  0x0000000014db8000 VMThread [stack: 0x0000000015e60000,0x0000000015f60000] [id=3864]
  0x000000001674a000 WatcherThread [stack: 0x0000000016c40000,0x0000000016d40000] [id=1324]

VM state:not at safepoint (normal execution)

VM Mutex/Monitor currently owned by a thread: None

Heap:
 PSYoungGen      total 38400K, used 32944K [0x00000000eab00000, 0x00000000ed580000, 0x0000000100000000)
  eden space 33280K, 98% used [0x00000000eab00000,0x00000000ecb2c120,0x00000000ecb80000)
  from space 5120K, 0% used [0x00000000ed080000,0x00000000ed080000,0x00000000ed580000)
  to   space 5120K, 0% used [0x00000000ecb80000,0x00000000ecb80000,0x00000000ed080000)
 ParOldGen       total 87552K, used 0K [0x00000000c0000000, 0x00000000c5580000, 0x00000000eab00000)
  object space 87552K, 0% used [0x00000000c0000000,0x00000000c0000000,0x00000000c5580000)
 Metaspace       used 5973K, capacity 6896K, committed 7040K, reserved 1056768K
  class space    used 599K, capacity 616K, committed 640K, reserved 1048576K

Card table byte_map: [0x0000000011ae0000,0x0000000011cf0000] byte_map_base: 0x00000000114e0000

Marking Bits: (ParMarkBitMap*) 0x000000006b7a0600
 Begin Bits: [0x0000000012250000, 0x0000000013250000)
 End Bits:   [0x0000000013250000, 0x0000000014250000)

Polling page: 0x0000000000980000

CodeCache: size=245760Kb used=4760Kb max_used=4760Kb free=240999Kb
 bounds [0x0000000002720000, 0x0000000002bd0000, 0x0000000011720000]
 total_blobs=1492 nmethods=1223 adapters=182
 compilation: enabled

Compilation events (10 events):
Event: 1.713 Thread 0x0000000014e49000 1228       3       com.android.dx.ssa.SsaInsn::getLocalAssignment (24 bytes)
Event: 1.714 Thread 0x0000000014e49000 nmethod 1228 0x0000000002bc4690 code [0x0000000002bc4800, 0x0000000002bc4a90]
Event: 1.714 Thread 0x0000000014e49000 1224       3       com.android.dx.rop.code.Rops::opConst (85 bytes)
Event: 1.715 Thread 0x0000000014e49000 nmethod 1224 0x0000000002bc5c10 code [0x0000000002bc5e60, 0x0000000002bc6b68]
Event: 1.715 Thread 0x0000000014e49000 1225       3       com.android.dx.rop.code.Rops::opGetField (97 bytes)
Event: 1.716 Thread 0x0000000014e49000 nmethod 1225 0x0000000002bc9050 code [0x0000000002bc9280, 0x0000000002bc9ef8]
Event: 1.716 Thread 0x0000000014e49000 1226       3       com.android.dx.ssa.SCCP::simulateMath (424 bytes)
Event: 1.718 Thread 0x0000000014e49000 nmethod 1226 0x0000000002bca490 code [0x0000000002bca740, 0x0000000002bcc088]
Event: 1.718 Thread 0x0000000014e49000 1221       3       com.android.dx.rop.code.RopMethod::<init> (53 bytes)
Event: 1.718 Thread 0x0000000014e49000 nmethod 1221 0x0000000002bc5550 code [0x0000000002bc56e0, 0x0000000002bc5ab8]

GC Heap History (0 events):
No events

Deoptimization events (10 events):
Event: 1.575 Thread 0x00000000169e3800 Uncommon trap: reason=class_check action=maybe_recompile pc=0x0000000002b4c49c method=java.util.HashMap.putVal(ILjava/lang/Object;Ljava/lang/Object;ZZ)Ljava/lang/Object; @ 203
Event: 1.575 Thread 0x00000000169e3800 Uncommon trap: reason=bimorphic action=maybe_recompile pc=0x000000000295a7e4 method=java.util.HashMap.getNode(ILjava/lang/Object;)Ljava/util/HashMap$Node; @ 126
Event: 1.575 Thread 0x00000000169e3800 Uncommon trap: reason=class_check action=maybe_recompile pc=0x0000000002b4c49c method=java.util.HashMap.putVal(ILjava/lang/Object;Ljava/lang/Object;ZZ)Ljava/lang/Object; @ 203
Event: 1.575 Thread 0x00000000169e3800 Uncommon trap: reason=bimorphic action=maybe_recompile pc=0x000000000295a7e4 method=java.util.HashMap.getNode(ILjava/lang/Object;)Ljava/util/HashMap$Node; @ 126
Event: 1.575 Thread 0x00000000169e3800 Uncommon trap: reason=class_check action=maybe_recompile pc=0x0000000002b4c49c method=java.util.HashMap.putVal(ILjava/lang/Object;Ljava/lang/Object;ZZ)Ljava/lang/Object; @ 203
Event: 1.575 Thread 0x00000000169e3800 Uncommon trap: reason=bimorphic action=maybe_recompile pc=0x0000000002913b6c method=java.util.HashMap.getNode(ILjava/lang/Object;)Ljava/util/HashMap$Node; @ 126
Event: 1.575 Thread 0x00000000169e3800 Uncommon trap: reason=unstable_if action=reinterpret pc=0x00000000029eb55c method=com.android.dx.rop.cst.Constant.compareTo(Lcom/android/dx/rop/cst/Constant;)I @ 12
Event: 1.589 Thread 0x00000000169e3800 Uncommon trap: reason=class_check action=maybe_recompile pc=0x0000000002b4c49c method=java.util.HashMap.putVal(ILjava/lang/Object;Ljava/lang/Object;ZZ)Ljava/lang/Object; @ 203
Event: 1.632 Thread 0x00000000169e4800 Uncommon trap: reason=unstable_if action=reinterpret pc=0x00000000029ddcfc method=com.android.dx.rop.code.RegisterSpec.equals(ILcom/android/dx/rop/type/TypeBearer;Lcom/android/dx/rop/code/LocalItem;)Z @ 42
Event: 1.660 Thread 0x000000000261e000 Uncommon trap: reason=class_check action=maybe_recompile pc=0x0000000002b54690 method=java.util.HashMap.putVal(ILjava/lang/Object;Ljava/lang/Object;ZZ)Ljava/lang/Object; @ 203

Internal exceptions (2 events):
Event: 0.135 Thread 0x000000000261e000 Exception <a 'java/lang/NoSuchMethodError': Method sun.misc.Unsafe.defineClass(Ljava/lang/String;[BII)Ljava/lang/Class; name or signature does not match> (0x00000000eab0d8c0) thrown at [D:\re\puppet\workspace\8-2-build-windows-amd64-cygwin\jdk8u73\6086\hotéâ‚ÂDF¡?
Event: 0.135 Thread 0x000000000261e000 Exception <a 'java/lang/NoSuchMethodError': Method sun.misc.Unsafe.prefetchRead(Ljava/lang/Object;J)V name or signature does not match> (0x00000000eab0dba8) thrown at [D:\re\puppet\workspace\8-2-build-windows-amd64-cygwin\jdk8u73\6086\hotspot\src\share\vm\

Events (10 events):
Event: 1.588 loading class com/android/dx/cf/attrib/BaseParameterAnnotations done
Event: 1.589 Thread 0x00000000169e3800 Uncommon trap: trap_request=0xffffffde fr.pc=0x0000000002b4c49c
Event: 1.589 Thread 0x00000000169e3800 DEOPT PACKING pc=0x0000000002b4c49c sp=0x000000001713e590
Event: 1.589 Thread 0x00000000169e3800 DEOPT UNPACKING pc=0x000000000276582a sp=0x000000001713e518 mode 2
Event: 1.632 Thread 0x00000000169e4800 Uncommon trap: trap_request=0xffffff65 fr.pc=0x00000000029ddcfc
Event: 1.632 Thread 0x00000000169e4800 DEOPT PACKING pc=0x00000000029ddcfc sp=0x000000001723e760
Event: 1.632 Thread 0x00000000169e4800 DEOPT UNPACKING pc=0x000000000276582a sp=0x000000001723e6e8 mode 2
Event: 1.660 Thread 0x000000000261e000 Uncommon trap: trap_request=0xffffffde fr.pc=0x0000000002b54690
Event: 1.660 Thread 0x000000000261e000 DEOPT PACKING pc=0x0000000002b54690 sp=0x000000000254e350
Event: 1.660 Thread 0x000000000261e000 DEOPT UNPACKING pc=0x000000000276582a sp=0x000000000254e278 mode 2


Dynamic libraries:
0x00007ff7d73d0000 - 0x00007ff7d7407000 	C:\Program Files\Java\jdk1.8.0_73\bin\java.exe
0x00007ffc815d0000 - 0x00007ffc81791000 	C:\WINDOWS\SYSTEM32\ntdll.dll
0x00007ffc7f8f0000 - 0x00007ffc7f99d000 	C:\WINDOWS\system32\KERNEL32.DLL
0x00007ffc7e0e0000 - 0x00007ffc7e2c8000 	C:\WINDOWS\system32\KERNELBASE.dll
0x00007ffc7ff60000 - 0x00007ffc80007000 	C:\WINDOWS\system32\ADVAPI32.dll
0x00007ffc7eca0000 - 0x00007ffc7ed3d000 	C:\WINDOWS\system32\msvcrt.dll
0x00007ffc7ea60000 - 0x00007ffc7eabb000 	C:\WINDOWS\system32\sechost.dll
0x00007ffc7f3a0000 - 0x00007ffc7f4bc000 	C:\WINDOWS\system32\RPCRT4.dll
0x00007ffc7f120000 - 0x00007ffc7f276000 	C:\WINDOWS\system32\USER32.dll
0x00007ffc7f9a0000 - 0x00007ffc7fb26000 	C:\WINDOWS\system32\GDI32.dll
0x00007ffc752a0000 - 0x00007ffc75514000 	C:\WINDOWS\WinSxS\amd64_microsoft.windows.common-controls_6595b64144ccf1df_6.0.10586.0_none_8c15ae12515e1c22\COMCTL32.dll
0x00007ffc7eea0000 - 0x00007ffc7f11d000 	C:\WINDOWS\system32\combase.dll
0x00007ffc7ddc0000 - 0x00007ffc7de2a000 	C:\WINDOWS\system32\bcryptPrimitives.dll
0x00007ffc7ea20000 - 0x00007ffc7ea5b000 	C:\WINDOWS\system32\IMM32.DLL
0x000000006acb0000 - 0x000000006ad82000 	C:\Program Files\Java\jdk1.8.0_73\jre\bin\msvcr100.dll
0x000000006af90000 - 0x000000006b820000 	C:\Program Files\Java\jdk1.8.0_73\jre\bin\server\jvm.dll
0x00007ffc7e9d0000 - 0x00007ffc7e9d8000 	C:\WINDOWS\system32\PSAPI.DLL
0x00007ffc79da0000 - 0x00007ffc79da9000 	C:\WINDOWS\SYSTEM32\WSOCK32.dll
0x00007ffc7f330000 - 0x00007ffc7f39b000 	C:\WINDOWS\system32\WS2_32.dll
0x00007ffc7c1e0000 - 0x00007ffc7c203000 	C:\WINDOWS\SYSTEM32\WINMM.dll
0x00007ffc75520000 - 0x00007ffc7552a000 	C:\WINDOWS\SYSTEM32\VERSION.dll
0x00007ffc7c1b0000 - 0x00007ffc7c1dc000 	C:\WINDOWS\SYSTEM32\WINMMBASE.dll
0x00007ffc7e920000 - 0x00007ffc7e963000 	C:\WINDOWS\system32\cfgmgr32.dll
0x000000006b9d0000 - 0x000000006b9df000 	C:\Program Files\Java\jdk1.8.0_73\jre\bin\verify.dll
0x000000006b9a0000 - 0x000000006b9c9000 	C:\Program Files\Java\jdk1.8.0_73\jre\bin\java.dll
0x000000006b980000 - 0x000000006b996000 	C:\Program Files\Java\jdk1.8.0_73\jre\bin\zip.dll
0x00007ffc80070000 - 0x00007ffc815cc000 	C:\WINDOWS\system32\SHELL32.dll
0x00007ffc7e2d0000 - 0x00007ffc7e914000 	C:\WINDOWS\system32\windows.storage.dll
0x00007ffc80010000 - 0x00007ffc80062000 	C:\WINDOWS\system32\shlwapi.dll
0x00007ffc7dc50000 - 0x00007ffc7dc5f000 	C:\WINDOWS\system32\kernel.appcore.dll
0x00007ffc7de30000 - 0x00007ffc7dee5000 	C:\WINDOWS\system32\shcore.dll
0x00007ffc7dc00000 - 0x00007ffc7dc4b000 	C:\WINDOWS\system32\powrprof.dll
0x00007ffc7dc60000 - 0x00007ffc7dc74000 	C:\WINDOWS\system32\profapi.dll

VM Arguments:
jvm_args: -Djava.awt.headless=true -Xmx1024M -Dfile.encoding=windows-1252 -Duser.country=US -Duser.language=en -Duser.variant 
java_command: com.android.dx.command.Main --dex --num-threads=4 --output C:\ProjectTeam\AppChatNodeJs_1.5\app\build\intermediates\pre-dexed\debug\com.android.support-recyclerview-v7-23.2.0_0690e08a24eb769e7672de08446fabcfc090ab2b.jar C:\ProjectTeam\AppChatNodeJs_1.5\app\build\intermediates\exploded-aar\com.android.support\recyclerview-v7\23.2.0\jars\classes.jar
java_class_path (initial): D:\Android\sdk\build-tools\23.0.2\lib\dx.jar
Launcher Type: SUN_STANDARD

Environment Variables:
JAVA_HOME=C:\Program Files\Java\jdk1.8.0_73
PATH=C:\ProgramData\Oracle\Java\javapath;C:\WINDOWS\system32;C:\WINDOWS;C:\WINDOWS\System32\Wbem;C:\WINDOWS\System32\WindowsPowerShell\v1.0\C:\Program Files\Java\jdk1.8.0_73\bin;.; ;C:\Program Files (x86)\NVIDIA Corporation\PhysX\Common;C:\Program Files (x86)\Windows Kits\8.1\Windows Performance Toolkit\;C:\Program Files\Microsoft SQL Server\110\Tools\Binn\;C:\Program Files\Microsoft SQL Server\Client SDK\ODBC\110\Tools\Binn\;C:\Program Files (x86)\Microsoft SQL Server\120\Tools\Binn\;C:\Program Files\Microsoft SQL Server\120\Tools\Binn\;C:\Program Files\Microsoft SQL Server\120\DTS\Binn\;C:\Program Files (x86)\Microsoft SQL Server\120\Tools\Binn\ManagementStudio\;C:\Program Files (x86)\Microsoft SQL Server\120\DTS\Binn\;C:\wamp64\bin\php\php5.6.16;C:\ProgramData\ComposerSetup\bin;C:\Program Files (x86)\Skype\Phone\;C:\Program Files\nodejs\;C:\Program Files\Git\cmd;C:\Ruby22-x64\bin;C:\Users\Phan Anh\AppData\Roaming\Composer\vendor\bin;C:\Users\Phan Anh\AppData\Roaming\npm
USERNAME=Phan Anh
OS=Windows_NT
PROCESSOR_IDENTIFIER=Intel64 Family 6 Model 69 Stepping 1, GenuineIntel



---------------  S Y S T E M  ---------------

OS: Windows 10.0 , 64 bit Build 10586 (10.0.10586.0)

CPU:total 4 (2 cores per cpu, 2 threads per core) family 6 model 69 stepping 1, cmov, cx8, fxsr, mmx, sse, sse2, sse3, ssse3, sse4.1, sse4.2, popcnt, avx, avx2, aes, clmul, erms, lzcnt, ht, tsc, tscinvbit, bmi1, bmi2

Memory: 4k page, physical 8268984k(348580k free), swap 12364984k(5812k free)

vm_info: Java HotSpot(TM) 64-Bit Server VM (25.73-b02) for windows-amd64 JRE (1.8.0_73-b02), built on Jan 29 2016 17:38:49 by "java_re" with MS VC++ 10.0 (VS2010)

time: Thu Jun 23 22:03:48 2016
elapsed time: 1 seconds (0d 0h 0m 1s)

