#
# There is insufficient memory for the Java Runtime Environment to continue.
# Native memory allocation (malloc) failed to allocate 1048576 bytes for AllocateHeap
# Possible reasons:
#   The system is out of physical RAM or swap space
#   In 32 bit mode, the process size limit was hit
# Possible solutions:
#   Reduce memory load on the system
#   Increase physical memory or swap space
#   Check if swap backing store is full
#   Use 64 bit Java on a 64 bit OS
#   Decrease Java heap size (-Xmx/-Xms)
#   Decrease number of Java threads
#   Decrease Java thread stack sizes (-Xss)
#   Set larger code cache with -XX:ReservedCodeCacheSize=
# This output file may be truncated or incomplete.
#
#  Out of Memory Error (memory/allocation.inline.hpp:61), pid=11672, tid=12556
#
# JRE version:  (8.0_73-b02) (build )
# Java VM: Java HotSpot(TM) 64-Bit Server VM (25.73-b02 mixed mode windows-amd64 compressed oops)
# Failed to write core dump. Minidumps are not enabled by default on client versions of Windows
#

---------------  T H R E A D  ---------------

Current thread (0x0000000002a2e000):  JavaThread "Unknown thread" [_thread_in_vm, id=12556, stack(0x0000000002a30000,0x0000000002b30000)]

Stack: [0x0000000002a30000,0x0000000002b30000]
[error occurred during error reporting (printing stack bounds), id 0xc0000005]

Native frames: (J=compiled Java code, j=interpreted, Vv=VM code, C=native code)


---------------  P R O C E S S  ---------------

Java Threads: ( => current thread )

Other Threads:

=>0x0000000002a2e000 (exited) JavaThread "Unknown thread" [_thread_in_vm, id=12556, stack(0x0000000002a30000,0x0000000002b30000)]

VM state:not at safepoint (normal execution)

VM Mutex/Monitor currently owned by a thread: None

Heap:
 PSYoungGen      total 38400K, used 665K [0x00000000eab00000, 0x00000000ed580000, 0x0000000100000000)
  eden space 33280K, 2% used [0x00000000eab00000,0x00000000eaba6670,0x00000000ecb80000)
  from space 5120K, 0% used [0x00000000ed080000,0x00000000ed080000,0x00000000ed580000)
  to   space 5120K, 0% used [0x00000000ecb80000,0x00000000ecb80000,0x00000000ed080000)
 ParOldGen       total 87552K, used 0K [0x00000000c0000000, 0x00000000c5580000, 0x00000000eab00000)
  object space 87552K, 0% used [0x00000000c0000000,0x00000000c0000000,0x00000000c5580000)
 Metaspace       used 769K, capacity 4480K, committed 4480K, reserved 1056768K
  class space    used 75K, capacity 384K, committed 384K, reserved 1048576K

Card table byte_map: [0x0000000011ff0000,0x0000000012200000] byte_map_base: 0x00000000119f0000

Marking Bits: (ParMarkBitMap*) 0x0000000077f80600
 Begin Bits: [0x0000000012760000, 0x0000000013760000)
 End Bits:   [0x0000000013760000, 0x0000000014760000)

Polling page: 0x00000000027e0000

CodeCache: size=245760Kb used=328Kb max_used=328Kb free=245431Kb
 bounds [0x0000000002c30000, 0x0000000002ea0000, 0x0000000011c30000]
 total_blobs=57 nmethods=0 adapters=37
 compilation: enabled

Compilation events (0 events):
No events

GC Heap History (0 events):
No events

Deoptimization events (0 events):
No events

Internal exceptions (0 events):
No events

Events (10 events):
Event: 1.037 loading class java/lang/Short
Event: 1.037 loading class java/lang/Short done
Event: 1.037 loading class java/lang/Integer
Event: 1.039 loading class java/lang/Integer done
Event: 1.039 loading class java/lang/Long
Event: 1.040 loading class java/lang/Long done
Event: 1.198 loading class java/lang/NullPointerException
Event: 1.199 loading class java/lang/NullPointerException done
Event: 1.199 loading class java/lang/ArithmeticException
Event: 1.199 loading class java/lang/ArithmeticException done


Dynamic libraries:
0x00007ff75e430000 - 0x00007ff75e467000 	C:\Program Files\Java\jdk1.8.0_73\bin\java.exe
0x00007ffba47b0000 - 0x00007ffba4971000 	C:\WINDOWS\SYSTEM32\ntdll.dll
0x00007ffba4580000 - 0x00007ffba462d000 	C:\WINDOWS\system32\KERNEL32.DLL
0x00007ffba16d0000 - 0x00007ffba18b8000 	C:\WINDOWS\system32\KERNELBASE.dll
0x00007ffba3d00000 - 0x00007ffba3da7000 	C:\WINDOWS\system32\ADVAPI32.dll
0x00007ffba4630000 - 0x00007ffba46cd000 	C:\WINDOWS\system32\msvcrt.dll
0x00007ffba1d10000 - 0x00007ffba1d6b000 	C:\WINDOWS\system32\sechost.dll
0x00007ffba21a0000 - 0x00007ffba22bc000 	C:\WINDOWS\system32\RPCRT4.dll
0x00007ffba1bb0000 - 0x00007ffba1d06000 	C:\WINDOWS\system32\USER32.dll
0x00007ffba4290000 - 0x00007ffba4416000 	C:\WINDOWS\system32\GDI32.dll
0x00007ffb9aa40000 - 0x00007ffb9acb4000 	C:\WINDOWS\WinSxS\amd64_microsoft.windows.common-controls_6595b64144ccf1df_6.0.10586.0_none_8c15ae12515e1c22\COMCTL32.dll
0x00007ffba3f90000 - 0x00007ffba420d000 	C:\WINDOWS\system32\combase.dll
0x00007ffba0f80000 - 0x00007ffba0fea000 	C:\WINDOWS\system32\bcryptPrimitives.dll
0x00007ffba4540000 - 0x00007ffba457b000 	C:\WINDOWS\system32\IMM32.DLL
0x0000000077690000 - 0x0000000077762000 	C:\Program Files\Java\jdk1.8.0_73\jre\bin\msvcr100.dll
0x0000000077770000 - 0x0000000078000000 	C:\Program Files\Java\jdk1.8.0_73\jre\bin\server\jvm.dll
0x00007ffba2420000 - 0x00007ffba2428000 	C:\WINDOWS\system32\PSAPI.DLL
0x00007ffb9d560000 - 0x00007ffb9d569000 	C:\WINDOWS\SYSTEM32\WSOCK32.dll
0x00007ffba3e10000 - 0x00007ffba3e7b000 	C:\WINDOWS\system32\WS2_32.dll
0x00007ffb9f3c0000 - 0x00007ffb9f3e3000 	C:\WINDOWS\SYSTEM32\WINMM.dll
0x00007ffb9acc0000 - 0x00007ffb9acca000 	C:\WINDOWS\SYSTEM32\VERSION.dll
0x00007ffb9f390000 - 0x00007ffb9f3bc000 	C:\WINDOWS\SYSTEM32\WINMMBASE.dll
0x00007ffba0e80000 - 0x00007ffba0ec3000 	C:\WINDOWS\system32\cfgmgr32.dll
0x00000000503c0000 - 0x00000000503cf000 	C:\Program Files\Java\jdk1.8.0_73\jre\bin\verify.dll
0x0000000050390000 - 0x00000000503b9000 	C:\Program Files\Java\jdk1.8.0_73\jre\bin\java.dll
0x0000000050370000 - 0x0000000050386000 	C:\Program Files\Java\jdk1.8.0_73\jre\bin\zip.dll

VM Arguments:
jvm_args: -Djava.awt.headless=true -Xmx1024M -Dfile.encoding=windows-1252 -Duser.country=US -Duser.language=en -Duser.variant 
java_command: com.android.dx.command.Main --dex --num-threads=4 --output C:\ProjectTeam\AppChatNodeJs_1.5\app\build\intermediates\pre-dexed\debug\com.android.support-design-23.2.0_8c9d97c8955699b3607c6488c4a4ca5522ddedb6.jar C:\ProjectTeam\AppChatNodeJs_1.5\app\build\intermediates\exploded-aar\com.android.support\design\23.2.0\jars\classes.jar
java_class_path (initial): D:\Android\sdk\build-tools\23.0.2\lib\dx.jar
Launcher Type: SUN_STANDARD

Environment Variables:
JAVA_HOME=C:\Program Files\Java\jdk1.8.0_73
PATH=C:\ProgramData\Oracle\Java\javapath;C:\WINDOWS\system32;C:\WINDOWS;C:\WINDOWS\System32\Wbem;C:\WINDOWS\System32\WindowsPowerShell\v1.0\C:\Program Files\Java\jdk1.8.0_73\bin;.; ;C:\Program Files (x86)\NVIDIA Corporation\PhysX\Common;C:\Program Files (x86)\Windows Kits\8.1\Windows Performance Toolkit\;C:\Program Files\Microsoft SQL Server\110\Tools\Binn\;C:\Program Files\Microsoft SQL Server\Client SDK\ODBC\110\Tools\Binn\;C:\Program Files (x86)\Microsoft SQL Server\120\Tools\Binn\;C:\Program Files\Microsoft SQL Server\120\Tools\Binn\;C:\Program Files\Microsoft SQL Server\120\DTS\Binn\;C:\Program Files (x86)\Microsoft SQL Server\120\Tools\Binn\ManagementStudio\;C:\Program Files (x86)\Microsoft SQL Server\120\DTS\Binn\;C:\wamp64\bin\php\php5.6.16;C:\ProgramData\ComposerSetup\bin;C:\Program Files (x86)\Skype\Phone\;C:\Program Files\nodejs\;C:\Program Files\Git\cmd;C:\Ruby22-x64\bin;C:\Users\Phan Anh\AppData\Roaming\Composer\vendor\bin;C:\Users\Phan Anh\AppData\Roaming\npm
USERNAME=Phan Anh
OS=Windows_NT
PROCESSOR_IDENTIFIER=Intel64 Family 6 Model 69 Stepping 1, GenuineIntel



---------------  S Y S T E M  ---------------

OS: Windows 10.0 , 64 bit Build 10586 (10.0.10586.0)

CPU:total 4 (2 cores per cpu, 2 threads per core) family 6 model 69 stepping 1, cmov, cx8, fxsr, mmx, sse, sse2, sse3, ssse3, sse4.1, sse4.2, popcnt, avx, avx2, aes, clmul, erms, lzcnt, ht, tsc, tscinvbit, bmi1, bmi2

Memory: 4k page, physical 8268984k(156460k free), swap 12364984k(5196k free)

vm_info: Java HotSpot(TM) 64-Bit Server VM (25.73-b02) for windows-amd64 JRE (1.8.0_73-b02), built on Jan 29 2016 17:38:49 by "java_re" with MS VC++ 10.0 (VS2010)

time: Fri Jun 24 14:01:42 2016
elapsed time: 1 seconds (0d 0h 0m 1s)

