#
# There is insufficient memory for the Java Runtime Environment to continue.
# Native memory allocation (malloc) failed to allocate 960016 bytes for Chunk::new
# Possible reasons:
#   The system is out of physical RAM or swap space
#   In 32 bit mode, the process size limit was hit
# Possible solutions:
#   Reduce memory load on the system
#   Increase physical memory or swap space
#   Check if swap backing store is full
#   Use 64 bit Java on a 64 bit OS
#   Decrease Java heap size (-Xmx/-Xms)
#   Decrease number of Java threads
#   Decrease Java thread stack sizes (-Xss)
#   Set larger code cache with -XX:ReservedCodeCacheSize=
# This output file may be truncated or incomplete.
#
#  Out of Memory Error (allocation.cpp:390), pid=14636, tid=14924
#
# JRE version: Java(TM) SE Runtime Environment (8.0_73-b02) (build 1.8.0_73-b02)
# Java VM: Java HotSpot(TM) 64-Bit Server VM (25.73-b02 mixed mode windows-amd64 compressed oops)
# Failed to write core dump. Minidumps are not enabled by default on client versions of Windows
#

---------------  T H R E A D  ---------------

Current thread (0x0000000015100000):  JavaThread "C2 CompilerThread1" daemon [_thread_in_native, id=14924, stack(0x0000000016850000,0x0000000016950000)]

Stack: [0x0000000016850000,0x0000000016950000]
[error occurred during error reporting (printing stack bounds), id 0xc0000005]

Native frames: (J=compiled Java code, j=interpreted, Vv=VM code, C=native code)


Current CompileTask:
C2:  21497 2395       4       com.android.dx.ssa.ConstCollector::getConstsSortedByCountUse (386 bytes)


---------------  P R O C E S S  ---------------

Java Threads: ( => current thread )
  0x0000000016be4800 JavaThread "pool-1-thread-4" [_thread_blocked, id=14964, stack(0x0000000017c50000,0x0000000017d50000)]
  0x0000000016be3800 JavaThread "pool-1-thread-3" [_thread_blocked, id=15156, stack(0x0000000017b50000,0x0000000017c50000)]
  0x0000000016be2000 JavaThread "pool-1-thread-2" [_thread_blocked, id=15192, stack(0x0000000017a50000,0x0000000017b50000)]
  0x0000000016b9b800 JavaThread "pool-2-thread-1" [_thread_blocked, id=15228, stack(0x0000000017950000,0x0000000017a50000)]
  0x0000000016b9b000 JavaThread "pool-1-thread-1" [_thread_blocked, id=11424, stack(0x0000000017850000,0x0000000017950000)]
  0x000000001695c800 JavaThread "Service Thread" daemon [_thread_blocked, id=14056, stack(0x0000000016e50000,0x0000000016f50000)]
  0x0000000016958800 JavaThread "C1 CompilerThread2" daemon [_thread_blocked, id=14712, stack(0x0000000016d50000,0x0000000016e50000)]
=>0x0000000015100000 JavaThread "C2 CompilerThread1" daemon [_thread_in_native, id=14924, stack(0x0000000016850000,0x0000000016950000)]
  0x00000000150f8800 JavaThread "C2 CompilerThread0" daemon [_thread_in_native, id=2928, stack(0x0000000016750000,0x0000000016850000)]
  0x00000000150f7000 JavaThread "Attach Listener" daemon [_thread_blocked, id=10124, stack(0x0000000016650000,0x0000000016750000)]
  0x00000000150f5800 JavaThread "Signal Dispatcher" daemon [_thread_blocked, id=6960, stack(0x0000000016550000,0x0000000016650000)]
  0x0000000002a20800 JavaThread "Finalizer" daemon [_thread_blocked, id=14544, stack(0x0000000016370000,0x0000000016470000)]
  0x0000000002a1d800 JavaThread "Reference Handler" daemon [_thread_blocked, id=1780, stack(0x0000000016270000,0x0000000016370000)]
  0x00000000028ce000 JavaThread "main" [_thread_blocked, id=9268, stack(0x0000000002780000,0x0000000002880000)]

Other Threads:
  0x00000000150c8000 VMThread [stack: 0x0000000016170000,0x0000000016270000] [id=15264]
  0x0000000016969800 WatcherThread [stack: 0x0000000016f50000,0x0000000017050000] [id=8148]

VM state:not at safepoint (normal execution)

VM Mutex/Monitor currently owned by a thread: None

Heap:
 PSYoungGen      total 138240K, used 5096K [0x00000000eab00000, 0x00000000f3700000, 0x0000000100000000)
  eden space 133120K, 3% used [0x00000000eab00000,0x00000000eaffa0f0,0x00000000f2d00000)
  from space 5120K, 0% used [0x00000000f3200000,0x00000000f3200000,0x00000000f3700000)
  to   space 5120K, 0% used [0x00000000f2d00000,0x00000000f2d00000,0x00000000f3200000)
 ParOldGen       total 151040K, used 68176K [0x00000000c0000000, 0x00000000c9380000, 0x00000000eab00000)
  object space 151040K, 45% used [0x00000000c0000000,0x00000000c42940a8,0x00000000c9380000)
 Metaspace       used 6548K, capacity 7256K, committed 7424K, reserved 1058816K
  class space    used 625K, capacity 656K, committed 768K, reserved 1048576K

Card table byte_map: [0x0000000011df0000,0x0000000012000000] byte_map_base: 0x00000000117f0000

Marking Bits: (ParMarkBitMap*) 0x000000006b7a0600
 Begin Bits: [0x0000000012560000, 0x0000000013560000)
 End Bits:   [0x0000000013560000, 0x0000000014560000)

Polling page: 0x0000000002880000

CodeCache: size=245760Kb used=12099Kb max_used=12099Kb free=233660Kb
 bounds [0x0000000002a30000, 0x0000000003610000, 0x0000000011a30000]
 total_blobs=2518 nmethods=2248 adapters=182
 compilation: enabled

Compilation events (10 events):
Event: 21.343 Thread 0x0000000016958800 2421       1       java.lang.ref.Reference::access$100 (4 bytes)
Event: 21.343 Thread 0x0000000016958800 nmethod 2421 0x00000000034c7450 code [0x00000000034c75a0, 0x00000000034c7690]
Event: 21.343 Thread 0x0000000016958800 2422       2       java.util.zip.ZipFile$ZipFileInputStream::finalize (5 bytes)
Event: 21.344 Thread 0x0000000016958800 nmethod 2422 0x00000000035cf2d0 code [0x00000000035cf440, 0x00000000035cf5a8]
Event: 21.344 Thread 0x0000000016958800 2423       1       java.lang.ref.Finalizer::access$000 (4 bytes)
Event: 21.344 Thread 0x0000000016958800 nmethod 2423 0x00000000035085d0 code [0x0000000003508720, 0x0000000003508810]
Event: 21.362 Thread 0x0000000016958800 2424       2       java.util.Arrays::sort (19 bytes)
Event: 21.363 Thread 0x0000000016958800 nmethod 2424 0x00000000035ceed0 code [0x00000000035cf040, 0x00000000035cf1f8]
Event: 21.363 Thread 0x0000000016958800 2425       2       java.util.DualPivotQuicksort::sort (1195 bytes)
Event: 21.367 Thread 0x0000000016958800 nmethod 2425 0x00000000035cb4d0 code [0x00000000035cb7c0, 0x00000000035ccca8]

GC Heap History (10 events):
Event: 11.024 GC heap before
{Heap before GC invocations=3 (full 0):
 PSYoungGen      total 71680K, used 71656K [0x00000000eab00000, 0x00000000ef600000, 0x0000000100000000)
  eden space 66560K, 100% used [0x00000000eab00000,0x00000000eec00000,0x00000000eec00000)
  from space 5120K, 99% used [0x00000000ef100000,0x00000000ef5fa240,0x00000000ef600000)
  to   space 5120K, 0% used [0x00000000eec00000,0x00000000eec00000,0x00000000ef100000)
 ParOldGen       total 87552K, used 3358K [0x00000000c0000000, 0x00000000c5580000, 0x00000000eab00000)
  object space 87552K, 3% used [0x00000000c0000000,0x00000000c0347a50,0x00000000c5580000)
 Metaspace       used 6261K, capacity 7152K, committed 7296K, reserved 1058816K
  class space    used 603K, capacity 616K, committed 640K, reserved 1048576K
Event: 11.056 GC heap after
Heap after GC invocations=3 (full 0):
 PSYoungGen      total 71680K, used 5102K [0x00000000eab00000, 0x00000000f3700000, 0x0000000100000000)
  eden space 66560K, 0% used [0x00000000eab00000,0x00000000eab00000,0x00000000eec00000)
  from space 5120K, 99% used [0x00000000eec00000,0x00000000ef0fbb50,0x00000000ef100000)
  to   space 5120K, 0% used [0x00000000f3200000,0x00000000f3200000,0x00000000f3700000)
 ParOldGen       total 87552K, used 12563K [0x00000000c0000000, 0x00000000c5580000, 0x00000000eab00000)
  object space 87552K, 14% used [0x00000000c0000000,0x00000000c0c44f40,0x00000000c5580000)
 Metaspace       used 6261K, capacity 7152K, committed 7296K, reserved 1058816K
  class space    used 603K, capacity 616K, committed 640K, reserved 1048576K
}
Event: 12.660 GC heap before
{Heap before GC invocations=4 (full 0):
 PSYoungGen      total 71680K, used 71662K [0x00000000eab00000, 0x00000000f3700000, 0x0000000100000000)
  eden space 66560K, 100% used [0x00000000eab00000,0x00000000eec00000,0x00000000eec00000)
  from space 5120K, 99% used [0x00000000eec00000,0x00000000ef0fbb50,0x00000000ef100000)
  to   space 5120K, 0% used [0x00000000f3200000,0x00000000f3200000,0x00000000f3700000)
 ParOldGen       total 87552K, used 12563K [0x00000000c0000000, 0x00000000c5580000, 0x00000000eab00000)
  object space 87552K, 14% used [0x00000000c0000000,0x00000000c0c44f40,0x00000000c5580000)
 Metaspace       used 6347K, capacity 7152K, committed 7296K, reserved 1058816K
  class space    used 603K, capacity 616K, committed 640K, reserved 1048576K
Event: 12.997 GC heap after
Heap after GC invocations=4 (full 0):
 PSYoungGen      total 138240K, used 5090K [0x00000000eab00000, 0x00000000f3700000, 0x0000000100000000)
  eden space 133120K, 0% used [0x00000000eab00000,0x00000000eab00000,0x00000000f2d00000)
  from space 5120K, 99% used [0x00000000f3200000,0x00000000f36f8860,0x00000000f3700000)
  to   space 5120K, 0% used [0x00000000f2d00000,0x00000000f2d00000,0x00000000f3200000)
 ParOldGen       total 87552K, used 23347K [0x00000000c0000000, 0x00000000c5580000, 0x00000000eab00000)
  object space 87552K, 26% used [0x00000000c0000000,0x00000000c16ccde0,0x00000000c5580000)
 Metaspace       used 6347K, capacity 7152K, committed 7296K, reserved 1058816K
  class space    used 603K, capacity 616K, committed 640K, reserved 1048576K
}
Event: 16.137 GC heap before
{Heap before GC invocations=5 (full 0):
 PSYoungGen      total 138240K, used 138210K [0x00000000eab00000, 0x00000000f3700000, 0x0000000100000000)
  eden space 133120K, 100% used [0x00000000eab00000,0x00000000f2d00000,0x00000000f2d00000)
  from space 5120K, 99% used [0x00000000f3200000,0x00000000f36f8860,0x00000000f3700000)
  to   space 5120K, 0% used [0x00000000f2d00000,0x00000000f2d00000,0x00000000f3200000)
 ParOldGen       total 87552K, used 23347K [0x00000000c0000000, 0x00000000c5580000, 0x00000000eab00000)
  object space 87552K, 26% used [0x00000000c0000000,0x00000000c16ccde0,0x00000000c5580000)
 Metaspace       used 6528K, capacity 7256K, committed 7424K, reserved 1058816K
  class space    used 625K, capacity 656K, committed 768K, reserved 1048576K
Event: 16.329 GC heap after
Heap after GC invocations=5 (full 0):
 PSYoungGen      total 138240K, used 5114K [0x00000000eab00000, 0x00000000f3700000, 0x0000000100000000)
  eden space 133120K, 0% used [0x00000000eab00000,0x00000000eab00000,0x00000000f2d00000)
  from space 5120K, 99% used [0x00000000f2d00000,0x00000000f31fea88,0x00000000f3200000)
  to   space 5120K, 0% used [0x00000000f3200000,0x00000000f3200000,0x00000000f3700000)
 ParOldGen       total 87552K, used 44859K [0x00000000c0000000, 0x00000000c5580000, 0x00000000eab00000)
  object space 87552K, 51% used [0x00000000c0000000,0x00000000c2bcef10,0x00000000c5580000)
 Metaspace       used 6528K, capacity 7256K, committed 7424K, reserved 1058816K
  class space    used 625K, capacity 656K, committed 768K, reserved 1048576K
}
Event: 18.214 GC heap before
{Heap before GC invocations=6 (full 0):
 PSYoungGen      total 138240K, used 138234K [0x00000000eab00000, 0x00000000f3700000, 0x0000000100000000)
  eden space 133120K, 100% used [0x00000000eab00000,0x00000000f2d00000,0x00000000f2d00000)
  from space 5120K, 99% used [0x00000000f2d00000,0x00000000f31fea88,0x00000000f3200000)
  to   space 5120K, 0% used [0x00000000f3200000,0x00000000f3200000,0x00000000f3700000)
 ParOldGen       total 87552K, used 44859K [0x00000000c0000000, 0x00000000c5580000, 0x00000000eab00000)
  object space 87552K, 51% used [0x00000000c0000000,0x00000000c2bcef10,0x00000000c5580000)
 Metaspace       used 6545K, capacity 7256K, committed 7424K, reserved 1058816K
  class space    used 625K, capacity 656K, committed 768K, reserved 1048576K
Event: 18.448 GC heap after
Heap after GC invocations=6 (full 0):
 PSYoungGen      total 138240K, used 5096K [0x00000000eab00000, 0x00000000f3700000, 0x0000000100000000)
  eden space 133120K, 0% used [0x00000000eab00000,0x00000000eab00000,0x00000000f2d00000)
  from space 5120K, 99% used [0x00000000f3200000,0x00000000f36fa238,0x00000000f3700000)
  to   space 5120K, 0% used [0x00000000f2d00000,0x00000000f2d00000,0x00000000f3200000)
 ParOldGen       total 87552K, used 64923K [0x00000000c0000000, 0x00000000c5580000, 0x00000000eab00000)
  object space 87552K, 74% used [0x00000000c0000000,0x00000000c3f66e48,0x00000000c5580000)
 Metaspace       used 6545K, capacity 7256K, committed 7424K, reserved 1058816K
  class space    used 625K, capacity 656K, committed 768K, reserved 1048576K
}
Event: 18.448 GC heap before
{Heap before GC invocations=7 (full 1):
 PSYoungGen      total 138240K, used 5096K [0x00000000eab00000, 0x00000000f3700000, 0x0000000100000000)
  eden space 133120K, 0% used [0x00000000eab00000,0x00000000eab00000,0x00000000f2d00000)
  from space 5120K, 99% used [0x00000000f3200000,0x00000000f36fa238,0x00000000f3700000)
  to   space 5120K, 0% used [0x00000000f2d00000,0x00000000f2d00000,0x00000000f3200000)
 ParOldGen       total 87552K, used 64923K [0x00000000c0000000, 0x00000000c5580000, 0x00000000eab00000)
  object space 87552K, 74% used [0x00000000c0000000,0x00000000c3f66e48,0x00000000c5580000)
 Metaspace       used 6545K, capacity 7256K, committed 7424K, reserved 1058816K
  class space    used 625K, capacity 656K, committed 768K, reserved 1048576K
Event: 21.276 GC heap after
Heap after GC invocations=7 (full 1):
 PSYoungGen      total 138240K, used 0K [0x00000000eab00000, 0x00000000f3700000, 0x0000000100000000)
  eden space 133120K, 0% used [0x00000000eab00000,0x00000000eab00000,0x00000000f2d00000)
  from space 5120K, 0% used [0x00000000f3200000,0x00000000f3200000,0x00000000f3700000)
  to   space 5120K, 0% used [0x00000000f2d00000,0x00000000f2d00000,0x00000000f3200000)
 ParOldGen       total 151040K, used 68176K [0x00000000c0000000, 0x00000000c9380000, 0x00000000eab00000)
  object space 151040K, 45% used [0x00000000c0000000,0x00000000c42940a8,0x00000000c9380000)
 Metaspace       used 6545K, capacity 7256K, committed 7424K, reserved 1058816K
  class space    used 625K, capacity 656K, committed 768K, reserved 1048576K
}

Deoptimization events (10 events):
Event: 16.361 Thread 0x0000000016b9b000 Uncommon trap: reason=bimorphic action=maybe_recompile pc=0x0000000003525260 method=com.android.dx.cf.code.BytecodeArray.parseInstruction(ILcom/android/dx/cf/code/BytecodeArray$Visitor;)I @ 1224
Event: 16.361 Thread 0x0000000016b9b000 Uncommon trap: reason=bimorphic action=maybe_recompile pc=0x0000000003524cb4 method=com.android.dx.cf.code.BytecodeArray.parseInstruction(ILcom/android/dx/cf/code/BytecodeArray$Visitor;)I @ 923
Event: 16.361 Thread 0x0000000016b9b000 Uncommon trap: reason=bimorphic action=maybe_recompile pc=0x0000000003525260 method=com.android.dx.cf.code.BytecodeArray.parseInstruction(ILcom/android/dx/cf/code/BytecodeArray$Visitor;)I @ 1224
Event: 16.837 Thread 0x0000000016b9b000 Uncommon trap: reason=unstable_if action=reinterpret pc=0x000000000340398c method=java.util.HashMap.putVal(ILjava/lang/Object;Ljava/lang/Object;ZZ)Ljava/lang/Object; @ 162
Event: 16.974 Thread 0x0000000016be2000 Uncommon trap: reason=bimorphic action=maybe_recompile pc=0x000000000355e1a0 method=com.android.dx.cf.code.BytecodeArray.parseInstruction(ILcom/android/dx/cf/code/BytecodeArray$Visitor;)I @ 1035
Event: 16.974 Thread 0x0000000016be2000 Uncommon trap: reason=bimorphic action=maybe_recompile pc=0x000000000355e220 method=com.android.dx.cf.code.BytecodeArray.parseInstruction(ILcom/android/dx/cf/code/BytecodeArray$Visitor;)I @ 1051
Event: 16.975 Thread 0x0000000016be2000 Uncommon trap: reason=bimorphic action=maybe_recompile pc=0x000000000355e1a0 method=com.android.dx.cf.code.BytecodeArray.parseInstruction(ILcom/android/dx/cf/code/BytecodeArray$Visitor;)I @ 1035
Event: 17.315 Thread 0x0000000016be2000 Uncommon trap: reason=class_check action=maybe_recompile pc=0x00000000035bb574 method=com.android.dx.cf.code.BytecodeArray.parseInstruction(ILcom/android/dx/cf/code/BytecodeArray$Visitor;)I @ 987
Event: 17.316 Thread 0x0000000016be2000 Uncommon trap: reason=class_check action=maybe_recompile pc=0x00000000035bb574 method=com.android.dx.cf.code.BytecodeArray.parseInstruction(ILcom/android/dx/cf/code/BytecodeArray$Visitor;)I @ 987
Event: 17.922 Thread 0x0000000016be2000 Uncommon trap: reason=unstable_if action=reinterpret pc=0x00000000035d35b8 method=com.android.dx.cf.code.BytecodeArray.parseInstruction(ILcom/android/dx/cf/code/BytecodeArray$Visitor;)I @ 1261

Internal exceptions (7 events):
Event: 0.075 Thread 0x00000000028ce000 Exception <a 'java/lang/NoSuchMethodError': Method sun.misc.Unsafe.defineClass(Ljava/lang/String;[BII)Ljava/lang/Class; name or signature does not match> (0x00000000eab0d8a8) thrown at [D:\re\puppet\workspace\8-2-build-windows-amd64-cygwin\jdk8u73\6086\hot,Á‹o.³?
Event: 0.075 Thread 0x00000000028ce000 Exception <a 'java/lang/NoSuchMethodError': Method sun.misc.Unsafe.prefetchRead(Ljava/lang/Object;J)V name or signature does not match> (0x00000000eab0db90) thrown at [D:\re\puppet\workspace\8-2-build-windows-amd64-cygwin\jdk8u73\6086\hotspot\src\share\vm\Kùÿ…©@
Event: 7.916 Thread 0x0000000016be3800 Implicit null exception at 0x000000000303e7f1 to 0x000000000304270d
Event: 13.678 Thread 0x0000000016be2000 Implicit null exception at 0x0000000003004e3a to 0x0000000003006385
Event: 14.745 Thread 0x0000000016be3800 Exception <a 'java/lang/ArrayIndexOutOfBoundsException': 18> (0x00000000efb9cfa8) thrown at [D:\re\puppet\workspace\8-2-build-windows-amd64-cygwin\jdk8u73\6086\hotspot\src\share\vm\interpreter\interpreterRuntime.cpp, line 366]
Event: 14.746 Thread 0x0000000016be3800 Exception <a 'java/lang/ArrayIndexOutOfBoundsException'> (0x00000000efb9eb28) thrown at [D:\re\puppet\workspace\8-2-build-windows-amd64-cygwin\jdk8u73\6086\hotspot\src\share\vm\runtime\sharedRuntime.cpp, line 605]
Event: 14.747 Thread 0x0000000016be3800 Exception <a 'java/lang/ArrayIndexOutOfBoundsException'> (0x00000000efb9fe10) thrown at [D:\re\puppet\workspace\8-2-build-windows-amd64-cygwin\jdk8u73\6086\hotspot\src\share\vm\runtime\sharedRuntime.cpp, line 605]

Events (10 events):
Event: 17.429 Thread 0x0000000016be4800 DEOPT UNPACKING pc=0x0000000002a7787f sp=0x0000000017d4e560 mode 0
Event: 17.553 Thread 0x0000000016b9b000 DEOPT PACKING pc=0x00000000034a61c5 sp=0x000000001794ebe0
Event: 17.553 Thread 0x0000000016b9b000 DEOPT UNPACKING pc=0x0000000002a7787f sp=0x000000001794ea20 mode 0
Event: 17.600 Thread 0x00000000028ce000 DEOPT PACKING pc=0x00000000034a61c5 sp=0x000000000287dfb0
Event: 17.600 Thread 0x00000000028ce000 DEOPT UNPACKING pc=0x0000000002a7787f sp=0x000000000287ddf0 mode 0
Event: 17.922 Thread 0x0000000016be2000 Uncommon trap: trap_request=0xffffff65 fr.pc=0x00000000035d35b8
Event: 17.922 Thread 0x0000000016be2000 DEOPT PACKING pc=0x00000000035d35b8 sp=0x0000000017b4ec20
Event: 17.922 Thread 0x0000000016be2000 DEOPT UNPACKING pc=0x0000000002a7582a sp=0x0000000017b4ebb8 mode 2
Event: 18.021 Executing VM operation: ParallelGCFailedAllocation
Event: 21.276 Executing VM operation: ParallelGCFailedAllocation done


Dynamic libraries:
0x00007ff7d73d0000 - 0x00007ff7d7407000 	C:\Program Files\Java\jdk1.8.0_73\bin\java.exe
0x00007ffc815d0000 - 0x00007ffc81791000 	C:\WINDOWS\SYSTEM32\ntdll.dll
0x00007ffc7f8f0000 - 0x00007ffc7f99d000 	C:\WINDOWS\system32\KERNEL32.DLL
0x00007ffc7e0e0000 - 0x00007ffc7e2c8000 	C:\WINDOWS\system32\KERNELBASE.dll
0x00007ffc7ff60000 - 0x00007ffc80007000 	C:\WINDOWS\system32\ADVAPI32.dll
0x00007ffc7eca0000 - 0x00007ffc7ed3d000 	C:\WINDOWS\system32\msvcrt.dll
0x00007ffc7ea60000 - 0x00007ffc7eabb000 	C:\WINDOWS\system32\sechost.dll
0x00007ffc7f3a0000 - 0x00007ffc7f4bc000 	C:\WINDOWS\system32\RPCRT4.dll
0x00007ffc7f120000 - 0x00007ffc7f276000 	C:\WINDOWS\system32\USER32.dll
0x00007ffc7f9a0000 - 0x00007ffc7fb26000 	C:\WINDOWS\system32\GDI32.dll
0x00007ffc752a0000 - 0x00007ffc75514000 	C:\WINDOWS\WinSxS\amd64_microsoft.windows.common-controls_6595b64144ccf1df_6.0.10586.0_none_8c15ae12515e1c22\COMCTL32.dll
0x00007ffc7eea0000 - 0x00007ffc7f11d000 	C:\WINDOWS\system32\combase.dll
0x00007ffc7ddc0000 - 0x00007ffc7de2a000 	C:\WINDOWS\system32\bcryptPrimitives.dll
0x00007ffc7ea20000 - 0x00007ffc7ea5b000 	C:\WINDOWS\system32\IMM32.DLL
0x000000006acb0000 - 0x000000006ad82000 	C:\Program Files\Java\jdk1.8.0_73\jre\bin\msvcr100.dll
0x000000006af90000 - 0x000000006b820000 	C:\Program Files\Java\jdk1.8.0_73\jre\bin\server\jvm.dll
0x00007ffc7e9d0000 - 0x00007ffc7e9d8000 	C:\WINDOWS\system32\PSAPI.DLL
0x00007ffc79da0000 - 0x00007ffc79da9000 	C:\WINDOWS\SYSTEM32\WSOCK32.dll
0x00007ffc7f330000 - 0x00007ffc7f39b000 	C:\WINDOWS\system32\WS2_32.dll
0x00007ffc7c1e0000 - 0x00007ffc7c203000 	C:\WINDOWS\SYSTEM32\WINMM.dll
0x00007ffc75520000 - 0x00007ffc7552a000 	C:\WINDOWS\SYSTEM32\VERSION.dll
0x00007ffc7c1b0000 - 0x00007ffc7c1dc000 	C:\WINDOWS\SYSTEM32\WINMMBASE.dll
0x00007ffc7e920000 - 0x00007ffc7e963000 	C:\WINDOWS\system32\cfgmgr32.dll
0x000000006b9d0000 - 0x000000006b9df000 	C:\Program Files\Java\jdk1.8.0_73\jre\bin\verify.dll
0x000000006b9a0000 - 0x000000006b9c9000 	C:\Program Files\Java\jdk1.8.0_73\jre\bin\java.dll
0x000000006b980000 - 0x000000006b996000 	C:\Program Files\Java\jdk1.8.0_73\jre\bin\zip.dll
0x00007ffc80070000 - 0x00007ffc815cc000 	C:\WINDOWS\system32\SHELL32.dll
0x00007ffc7e2d0000 - 0x00007ffc7e914000 	C:\WINDOWS\system32\windows.storage.dll
0x00007ffc80010000 - 0x00007ffc80062000 	C:\WINDOWS\system32\shlwapi.dll
0x00007ffc7dc50000 - 0x00007ffc7dc5f000 	C:\WINDOWS\system32\kernel.appcore.dll
0x00007ffc7de30000 - 0x00007ffc7dee5000 	C:\WINDOWS\system32\shcore.dll
0x00007ffc7dc00000 - 0x00007ffc7dc4b000 	C:\WINDOWS\system32\powrprof.dll
0x00007ffc7dc60000 - 0x00007ffc7dc74000 	C:\WINDOWS\system32\profapi.dll

VM Arguments:
jvm_args: -Djava.awt.headless=true -Xmx1024M -Dfile.encoding=windows-1252 -Duser.country=US -Duser.language=en -Duser.variant 
java_command: com.android.dx.command.Main --dex --num-threads=4 --output C:\ProjectTeam\AppChatNodeJs_1.5\app\build\intermediates\pre-dexed\debug\com.android.support-support-v4-23.2.0_ab841d80675f981d167851060ef2d229682b66d5.jar C:\ProjectTeam\AppChatNodeJs_1.5\app\build\intermediates\exploded-aar\com.android.support\support-v4\23.2.0\jars\classes.jar
java_class_path (initial): D:\Android\sdk\build-tools\23.0.2\lib\dx.jar
Launcher Type: SUN_STANDARD

Environment Variables:
JAVA_HOME=C:\Program Files\Java\jdk1.8.0_73
PATH=C:\ProgramData\Oracle\Java\javapath;C:\WINDOWS\system32;C:\WINDOWS;C:\WINDOWS\System32\Wbem;C:\WINDOWS\System32\WindowsPowerShell\v1.0\C:\Program Files\Java\jdk1.8.0_73\bin;.; ;C:\Program Files (x86)\NVIDIA Corporation\PhysX\Common;C:\Program Files (x86)\Windows Kits\8.1\Windows Performance Toolkit\;C:\Program Files\Microsoft SQL Server\110\Tools\Binn\;C:\Program Files\Microsoft SQL Server\Client SDK\ODBC\110\Tools\Binn\;C:\Program Files (x86)\Microsoft SQL Server\120\Tools\Binn\;C:\Program Files\Microsoft SQL Server\120\Tools\Binn\;C:\Program Files\Microsoft SQL Server\120\DTS\Binn\;C:\Program Files (x86)\Microsoft SQL Server\120\Tools\Binn\ManagementStudio\;C:\Program Files (x86)\Microsoft SQL Server\120\DTS\Binn\;C:\wamp64\bin\php\php5.6.16;C:\ProgramData\ComposerSetup\bin;C:\Program Files (x86)\Skype\Phone\;C:\Program Files\nodejs\;C:\Program Files\Git\cmd;C:\Ruby22-x64\bin;C:\Users\Phan Anh\AppData\Roaming\Composer\vendor\bin;C:\Users\Phan Anh\AppData\Roaming\npm
USERNAME=Phan Anh
OS=Windows_NT
PROCESSOR_IDENTIFIER=Intel64 Family 6 Model 69 Stepping 1, GenuineIntel



---------------  S Y S T E M  ---------------

OS: Windows 10.0 , 64 bit Build 10586 (10.0.10586.0)

CPU:total 4 (2 cores per cpu, 2 threads per core) family 6 model 69 stepping 1, cmov, cx8, fxsr, mmx, sse, sse2, sse3, ssse3, sse4.1, sse4.2, popcnt, avx, avx2, aes, clmul, erms, lzcnt, ht, tsc, tscinvbit, bmi1, bmi2

Memory: 4k page, physical 8268984k(348856k free), swap 12364984k(5812k free)

vm_info: Java HotSpot(TM) 64-Bit Server VM (25.73-b02) for windows-amd64 JRE (1.8.0_73-b02), built on Jan 29 2016 17:38:49 by "java_re" with MS VC++ 10.0 (VS2010)

time: Thu Jun 23 22:03:48 2016
elapsed time: 21 seconds (0d 0h 0m 21s)

